{"/Users/jozefhdez/Desktop/Dev/Projects/oracle-pm-project/MtdrSpring/backend/src/main/frontend/src/API.js": {"path":"/Users/jozefhdez/Desktop/Dev/Projects/oracle-pm-project/MtdrSpring/backend/src/main/frontend/src/API.js","statementMap":{"0":{"start":{"line":19,"column":17},"end":{"line":19,"column":28}}},"fnMap":{},"branchMap":{},"s":{"0":0},"f":{},"b":{}}
,"/Users/jozefhdez/Desktop/Dev/Projects/oracle-pm-project/MtdrSpring/backend/src/main/frontend/src/App.js": {"path":"/Users/jozefhdez/Desktop/Dev/Projects/oracle-pm-project/MtdrSpring/backend/src/main/frontend/src/App.js","statementMap":{"0":{"start":{"line":21,"column":20},"end":{"line":28,"column":2}},"1":{"start":{"line":32,"column":28},"end":{"line":32,"column":46}},"2":{"start":{"line":33,"column":2},"end":{"line":33,"column":78}},"3":{"start":{"line":38,"column":28},"end":{"line":38,"column":46}},"4":{"start":{"line":39,"column":2},"end":{"line":39,"column":72}},"5":{"start":{"line":43,"column":15},"end":{"line":43,"column":24}},"6":{"start":{"line":47,"column":2},"end":{"line":47,"column":79}},"7":{"start":{"line":47,"column":23},"end":{"line":47,"column":77}},"8":{"start":{"line":49,"column":2},"end":{"line":52,"column":18}},"9":{"start":{"line":50,"column":18},"end":{"line":50,"column":72}},"10":{"start":{"line":51,"column":4},"end":{"line":51,"column":24}},"11":{"start":{"line":54,"column":2},"end":{"line":56,"column":3}},"12":{"start":{"line":55,"column":4},"end":{"line":55,"column":48}},"13":{"start":{"line":58,"column":2},"end":{"line":60,"column":3}},"14":{"start":{"line":59,"column":4},"end":{"line":59,"column":65}},"15":{"start":{"line":62,"column":2},"end":{"line":62,"column":83}},"16":{"start":{"line":66,"column":2},"end":{"line":116,"column":4}},"17":{"start":{"line":120,"column":2},"end":{"line":140,"column":4}}},"fnMap":{"0":{"name":"RootRedirect","decl":{"start":{"line":31,"column":9},"end":{"line":31,"column":21}},"loc":{"start":{"line":31,"column":24},"end":{"line":34,"column":1}},"line":31},"1":{"name":"RequireProject","decl":{"start":{"line":37,"column":9},"end":{"line":37,"column":23}},"loc":{"start":{"line":37,"column":38},"end":{"line":40,"column":1}},"line":37},"2":{"name":"RequireAuth","decl":{"start":{"line":42,"column":9},"end":{"line":42,"column":20}},"loc":{"start":{"line":42,"column":35},"end":{"line":63,"column":1}},"line":42},"3":{"name":"(anonymous_3)","decl":{"start":{"line":47,"column":17},"end":{"line":47,"column":18}},"loc":{"start":{"line":47,"column":23},"end":{"line":47,"column":77}},"line":47},"4":{"name":"(anonymous_4)","decl":{"start":{"line":49,"column":12},"end":{"line":49,"column":13}},"loc":{"start":{"line":49,"column":18},"end":{"line":52,"column":3}},"line":49},"5":{"name":"ProtectedAppRoutes","decl":{"start":{"line":65,"column":9},"end":{"line":65,"column":27}},"loc":{"start":{"line":65,"column":30},"end":{"line":117,"column":1}},"line":65},"6":{"name":"App","decl":{"start":{"line":119,"column":9},"end":{"line":119,"column":12}},"loc":{"start":{"line":119,"column":15},"end":{"line":141,"column":1}},"line":119}},"branchMap":{"0":{"loc":{"start":{"line":33,"column":23},"end":{"line":33,"column":65}},"type":"cond-expr","locations":[{"start":{"line":33,"column":39},"end":{"line":33,"column":51}},{"start":{"line":33,"column":54},"end":{"line":33,"column":65}}],"line":33},"1":{"loc":{"start":{"line":39,"column":9},"end":{"line":39,"column":71}},"type":"cond-expr","locations":[{"start":{"line":39,"column":25},"end":{"line":39,"column":33}},{"start":{"line":39,"column":36},"end":{"line":39,"column":71}}],"line":39},"2":{"loc":{"start":{"line":47,"column":23},"end":{"line":47,"column":77}},"type":"binary-expr","locations":[{"start":{"line":47,"column":23},"end":{"line":47,"column":46}},{"start":{"line":47,"column":50},"end":{"line":47,"column":69}},{"start":{"line":47,"column":73},"end":{"line":47,"column":77}}],"line":47},"3":{"loc":{"start":{"line":50,"column":18},"end":{"line":50,"column":72}},"type":"binary-expr","locations":[{"start":{"line":50,"column":18},"end":{"line":50,"column":41}},{"start":{"line":50,"column":45},"end":{"line":50,"column":64}},{"start":{"line":50,"column":68},"end":{"line":50,"column":72}}],"line":50},"4":{"loc":{"start":{"line":54,"column":2},"end":{"line":56,"column":3}},"type":"if","locations":[{"start":{"line":54,"column":2},"end":{"line":56,"column":3}},{"start":{},"end":{}}],"line":54},"5":{"loc":{"start":{"line":54,"column":6},"end":{"line":54,"column":44}},"type":"binary-expr","locations":[{"start":{"line":54,"column":6},"end":{"line":54,"column":20}},{"start":{"line":54,"column":24},"end":{"line":54,"column":44}}],"line":54},"6":{"loc":{"start":{"line":58,"column":2},"end":{"line":60,"column":3}},"type":"if","locations":[{"start":{"line":58,"column":2},"end":{"line":60,"column":3}},{"start":{},"end":{}}],"line":58},"7":{"loc":{"start":{"line":62,"column":9},"end":{"line":62,"column":82}},"type":"cond-expr","locations":[{"start":{"line":62,"column":32},"end":{"line":62,"column":40}},{"start":{"line":62,"column":43},"end":{"line":62,"column":82}}],"line":62}},"s":{"0":0,"1":0,"2":0,"3":0,"4":0,"5":0,"6":0,"7":0,"8":0,"9":0,"10":0,"11":0,"12":0,"13":0,"14":0,"15":0,"16":0,"17":0},"f":{"0":0,"1":0,"2":0,"3":0,"4":0,"5":0,"6":0},"b":{"0":[0,0],"1":[0,0],"2":[0,0,0],"3":[0,0,0],"4":[0,0],"5":[0,0],"6":[0,0],"7":[0,0]}}
,"/Users/jozefhdez/Desktop/Dev/Projects/oracle-pm-project/MtdrSpring/backend/src/main/frontend/src/NewItem.js": {"path":"/Users/jozefhdez/Desktop/Dev/Projects/oracle-pm-project/MtdrSpring/backend/src/main/frontend/src/NewItem.js","statementMap":{"0":{"start":{"line":16,"column":26},"end":{"line":16,"column":38}},"1":{"start":{"line":19,"column":4},"end":{"line":21,"column":5}},"2":{"start":{"line":20,"column":6},"end":{"line":20,"column":13}},"3":{"start":{"line":23,"column":4},"end":{"line":23,"column":24}},"4":{"start":{"line":24,"column":4},"end":{"line":24,"column":16}},"5":{"start":{"line":25,"column":4},"end":{"line":25,"column":23}},"6":{"start":{"line":28,"column":4},"end":{"line":28,"column":28}},"7":{"start":{"line":30,"column":2},"end":{"line":60,"column":4}},"8":{"start":{"line":43,"column":12},"end":{"line":45,"column":13}},"9":{"start":{"line":44,"column":14},"end":{"line":44,"column":34}}},"fnMap":{"0":{"name":"NewItem","decl":{"start":{"line":15,"column":9},"end":{"line":15,"column":16}},"loc":{"start":{"line":15,"column":24},"end":{"line":61,"column":1}},"line":15},"1":{"name":"handleSubmit","decl":{"start":{"line":17,"column":11},"end":{"line":17,"column":23}},"loc":{"start":{"line":17,"column":27},"end":{"line":26,"column":3}},"line":17},"2":{"name":"handleChange","decl":{"start":{"line":27,"column":11},"end":{"line":27,"column":23}},"loc":{"start":{"line":27,"column":27},"end":{"line":29,"column":3}},"line":27},"3":{"name":"(anonymous_3)","decl":{"start":{"line":42,"column":21},"end":{"line":42,"column":22}},"loc":{"start":{"line":42,"column":32},"end":{"line":46,"column":11}},"line":42}},"branchMap":{"0":{"loc":{"start":{"line":19,"column":4},"end":{"line":21,"column":5}},"type":"if","locations":[{"start":{"line":19,"column":4},"end":{"line":21,"column":5}},{"start":{},"end":{}}],"line":19},"1":{"loc":{"start":{"line":43,"column":12},"end":{"line":45,"column":13}},"type":"if","locations":[{"start":{"line":43,"column":12},"end":{"line":45,"column":13}},{"start":{},"end":{}}],"line":43},"2":{"loc":{"start":{"line":53,"column":19},"end":{"line":53,"column":59}},"type":"cond-expr","locations":[{"start":{"line":53,"column":40},"end":{"line":53,"column":52}},{"start":{"line":53,"column":55},"end":{"line":53,"column":59}}],"line":53},"3":{"loc":{"start":{"line":56,"column":11},"end":{"line":56,"column":48}},"type":"cond-expr","locations":[{"start":{"line":56,"column":31},"end":{"line":56,"column":40}},{"start":{"line":56,"column":43},"end":{"line":56,"column":48}}],"line":56}},"s":{"0":0,"1":0,"2":0,"3":0,"4":0,"5":0,"6":0,"7":0,"8":0,"9":0},"f":{"0":0,"1":0,"2":0,"3":0},"b":{"0":[0,0],"1":[0,0],"2":[0,0],"3":[0,0]}}
,"/Users/jozefhdez/Desktop/Dev/Projects/oracle-pm-project/MtdrSpring/backend/src/main/frontend/src/theme.js": {"path":"/Users/jozefhdez/Desktop/Dev/Projects/oracle-pm-project/MtdrSpring/backend/src/main/frontend/src/theme.js","statementMap":{"0":{"start":{"line":3,"column":14},"end":{"line":79,"column":2}}},"fnMap":{},"branchMap":{},"s":{"0":0},"f":{},"b":{}}
,"/Users/jozefhdez/Desktop/Dev/Projects/oracle-pm-project/MtdrSpring/backend/src/main/frontend/src/auth/authConfig.js": {"path":"/Users/jozefhdez/Desktop/Dev/Projects/oracle-pm-project/MtdrSpring/backend/src/main/frontend/src/auth/authConfig.js","statementMap":{"0":{"start":{"line":1,"column":26},"end":{"line":11,"column":1}}},"fnMap":{},"branchMap":{},"s":{"0":0},"f":{},"b":{}}
,"/Users/jozefhdez/Desktop/Dev/Projects/oracle-pm-project/MtdrSpring/backend/src/main/frontend/src/constants/taskEnums.js": {"path":"/Users/jozefhdez/Desktop/Dev/Projects/oracle-pm-project/MtdrSpring/backend/src/main/frontend/src/constants/taskEnums.js","statementMap":{"0":{"start":{"line":1,"column":28},"end":{"line":6,"column":1}},"1":{"start":{"line":8,"column":30},"end":{"line":12,"column":1}}},"fnMap":{},"branchMap":{},"s":{"0":0,"1":0},"f":{},"b":{}}
,"/Users/jozefhdez/Desktop/Dev/Projects/oracle-pm-project/MtdrSpring/backend/src/main/frontend/src/controllers/AuthView.jsx": {"path":"/Users/jozefhdez/Desktop/Dev/Projects/oracle-pm-project/MtdrSpring/backend/src/main/frontend/src/controllers/AuthView.jsx","statementMap":{"0":{"start":{"line":5,"column":16},"end":{"line":5,"column":25}},"1":{"start":{"line":6,"column":16},"end":{"line":6,"column":25}},"2":{"start":{"line":7,"column":18},"end":{"line":7,"column":27}},"3":{"start":{"line":8,"column":20},"end":{"line":8,"column":29}},"4":{"start":{"line":11,"column":15},"end":{"line":11,"column":24}},"5":{"start":{"line":13,"column":2},"end":{"line":13,"column":26}},"6":{"start":{"line":15,"column":2},"end":{"line":25,"column":3}},"7":{"start":{"line":16,"column":4},"end":{"line":24,"column":6}},"8":{"start":{"line":27,"column":2},"end":{"line":29,"column":3}},"9":{"start":{"line":28,"column":4},"end":{"line":28,"column":39}},"10":{"start":{"line":31,"column":2},"end":{"line":37,"column":4}},"11":{"start":{"line":41,"column":15},"end":{"line":41,"column":24}},"12":{"start":{"line":43,"column":2},"end":{"line":45,"column":3}},"13":{"start":{"line":44,"column":4},"end":{"line":44,"column":39}},"14":{"start":{"line":47,"column":2},"end":{"line":137,"column":4}},"15":{"start":{"line":114,"column":29},"end":{"line":114,"column":50}}},"fnMap":{"0":{"name":"AuthCallbackRoute","decl":{"start":{"line":10,"column":16},"end":{"line":10,"column":33}},"loc":{"start":{"line":10,"column":36},"end":{"line":38,"column":1}},"line":10},"1":{"name":"(anonymous_1)","decl":{"start":{"line":13,"column":12},"end":{"line":13,"column":13}},"loc":{"start":{"line":13,"column":18},"end":{"line":13,"column":20}},"line":13},"2":{"name":"AuthView","decl":{"start":{"line":40,"column":24},"end":{"line":40,"column":32}},"loc":{"start":{"line":40,"column":35},"end":{"line":138,"column":1}},"line":40},"3":{"name":"(anonymous_3)","decl":{"start":{"line":114,"column":23},"end":{"line":114,"column":24}},"loc":{"start":{"line":114,"column":29},"end":{"line":114,"column":50}},"line":114}},"branchMap":{"0":{"loc":{"start":{"line":15,"column":2},"end":{"line":25,"column":3}},"type":"if","locations":[{"start":{"line":15,"column":2},"end":{"line":25,"column":3}},{"start":{},"end":{}}],"line":15},"1":{"loc":{"start":{"line":27,"column":2},"end":{"line":29,"column":3}},"type":"if","locations":[{"start":{"line":27,"column":2},"end":{"line":29,"column":3}},{"start":{},"end":{}}],"line":27},"2":{"loc":{"start":{"line":43,"column":2},"end":{"line":45,"column":3}},"type":"if","locations":[{"start":{"line":43,"column":2},"end":{"line":45,"column":3}},{"start":{},"end":{}}],"line":43},"3":{"loc":{"start":{"line":108,"column":13},"end":{"line":110,"column":13}},"type":"binary-expr","locations":[{"start":{"line":108,"column":13},"end":{"line":108,"column":23}},{"start":{"line":109,"column":14},"end":{"line":109,"column":88}}],"line":108},"4":{"loc":{"start":{"line":126,"column":15},"end":{"line":126,"column":53}},"type":"cond-expr","locations":[{"start":{"line":126,"column":32},"end":{"line":126,"column":44}},{"start":{"line":126,"column":47},"end":{"line":126,"column":53}}],"line":126}},"s":{"0":0,"1":0,"2":0,"3":0,"4":0,"5":0,"6":0,"7":0,"8":0,"9":0,"10":0,"11":0,"12":0,"13":0,"14":0,"15":0},"f":{"0":0,"1":0,"2":0,"3":0},"b":{"0":[0,0],"1":[0,0],"2":[0,0],"3":[0,0],"4":[0,0]}}
,"/Users/jozefhdez/Desktop/Dev/Projects/oracle-pm-project/MtdrSpring/backend/src/main/frontend/src/controllers/DashboardController.jsx": {"path":"/Users/jozefhdez/Desktop/Dev/Projects/oracle-pm-project/MtdrSpring/backend/src/main/frontend/src/controllers/DashboardController.jsx","statementMap":{"0":{"start":{"line":11,"column":2},"end":{"line":11,"column":35}},"1":{"start":{"line":11,"column":23},"end":{"line":11,"column":35}},"2":{"start":{"line":12,"column":17},"end":{"line":12,"column":59}},"3":{"start":{"line":12,"column":37},"end":{"line":12,"column":58}},"4":{"start":{"line":13,"column":2},"end":{"line":13,"column":28}},"5":{"start":{"line":13,"column":14},"end":{"line":13,"column":28}},"6":{"start":{"line":15,"column":2},"end":{"line":15,"column":87}},"7":{"start":{"line":15,"column":37},"end":{"line":15,"column":82}},"8":{"start":{"line":19,"column":19},"end":{"line":19,"column":32}},"9":{"start":{"line":20,"column":26},"end":{"line":20,"column":42}},"10":{"start":{"line":21,"column":28},"end":{"line":21,"column":46}},"11":{"start":{"line":23,"column":20},"end":{"line":23,"column":45}},"12":{"start":{"line":24,"column":22},"end":{"line":24,"column":66}},"13":{"start":{"line":26,"column":33},"end":{"line":26,"column":54}},"14":{"start":{"line":27,"column":23},"end":{"line":27,"column":74}},"15":{"start":{"line":27,"column":37},"end":{"line":27,"column":62}},"16":{"start":{"line":28,"column":25},"end":{"line":28,"column":49}},"17":{"start":{"line":30,"column":31},"end":{"line":30,"column":61}},"18":{"start":{"line":31,"column":24},"end":{"line":31,"column":46}},"19":{"start":{"line":33,"column":16},"end":{"line":47,"column":29}},"20":{"start":{"line":34,"column":22},"end":{"line":34,"column":69}},"21":{"start":{"line":34,"column":42},"end":{"line":34,"column":61}},"22":{"start":{"line":35,"column":22},"end":{"line":35,"column":69}},"23":{"start":{"line":35,"column":42},"end":{"line":35,"column":61}},"24":{"start":{"line":36,"column":20},"end":{"line":36,"column":70}},"25":{"start":{"line":36,"column":40},"end":{"line":36,"column":62}},"26":{"start":{"line":37,"column":25},"end":{"line":37,"column":51}},"27":{"start":{"line":38,"column":28},"end":{"line":38,"column":59}},"28":{"start":{"line":39,"column":4},"end":{"line":46,"column":6}},"29":{"start":{"line":49,"column":25},"end":{"line":62,"column":51}},"30":{"start":{"line":50,"column":4},"end":{"line":50,"column":47}},"31":{"start":{"line":50,"column":37},"end":{"line":50,"column":47}},"32":{"start":{"line":51,"column":4},"end":{"line":61,"column":6}},"33":{"start":{"line":56,"column":34},"end":{"line":56,"column":53}},"34":{"start":{"line":57,"column":40},"end":{"line":57,"column":66}},"35":{"start":{"line":58,"column":37},"end":{"line":58,"column":59}},"36":{"start":{"line":59,"column":34},"end":{"line":59,"column":53}},"37":{"start":{"line":64,"column":18},"end":{"line":67,"column":26}},"38":{"start":{"line":65,"column":4},"end":{"line":65,"column":32}},"39":{"start":{"line":65,"column":22},"end":{"line":65,"column":32}},"40":{"start":{"line":66,"column":4},"end":{"line":66,"column":66}},"41":{"start":{"line":66,"column":31},"end":{"line":66,"column":64}},"42":{"start":{"line":69,"column":19},"end":{"line":69,"column":63}},"43":{"start":{"line":70,"column":27},"end":{"line":70,"column":96}},"44":{"start":{"line":72,"column":2},"end":{"line":81,"column":4}},"45":{"start":{"line":79,"column":25},"end":{"line":79,"column":46}}},"fnMap":{"0":{"name":"pickActiveSprint","decl":{"start":{"line":10,"column":9},"end":{"line":10,"column":25}},"loc":{"start":{"line":10,"column":40},"end":{"line":16,"column":1}},"line":10},"1":{"name":"(anonymous_1)","decl":{"start":{"line":12,"column":30},"end":{"line":12,"column":31}},"loc":{"start":{"line":12,"column":37},"end":{"line":12,"column":58}},"line":12},"2":{"name":"(anonymous_2)","decl":{"start":{"line":15,"column":27},"end":{"line":15,"column":28}},"loc":{"start":{"line":15,"column":37},"end":{"line":15,"column":82}},"line":15},"3":{"name":"DashboardController","decl":{"start":{"line":18,"column":24},"end":{"line":18,"column":43}},"loc":{"start":{"line":18,"column":46},"end":{"line":82,"column":1}},"line":18},"4":{"name":"(anonymous_4)","decl":{"start":{"line":27,"column":31},"end":{"line":27,"column":32}},"loc":{"start":{"line":27,"column":37},"end":{"line":27,"column":62}},"line":27},"5":{"name":"(anonymous_5)","decl":{"start":{"line":33,"column":24},"end":{"line":33,"column":25}},"loc":{"start":{"line":33,"column":30},"end":{"line":47,"column":3}},"line":33},"6":{"name":"(anonymous_6)","decl":{"start":{"line":34,"column":35},"end":{"line":34,"column":36}},"loc":{"start":{"line":34,"column":42},"end":{"line":34,"column":61}},"line":34},"7":{"name":"(anonymous_7)","decl":{"start":{"line":35,"column":35},"end":{"line":35,"column":36}},"loc":{"start":{"line":35,"column":42},"end":{"line":35,"column":61}},"line":35},"8":{"name":"(anonymous_8)","decl":{"start":{"line":36,"column":33},"end":{"line":36,"column":34}},"loc":{"start":{"line":36,"column":40},"end":{"line":36,"column":62}},"line":36},"9":{"name":"(anonymous_9)","decl":{"start":{"line":49,"column":33},"end":{"line":49,"column":34}},"loc":{"start":{"line":49,"column":39},"end":{"line":62,"column":3}},"line":49},"10":{"name":"(anonymous_10)","decl":{"start":{"line":56,"column":27},"end":{"line":56,"column":28}},"loc":{"start":{"line":56,"column":34},"end":{"line":56,"column":53}},"line":56},"11":{"name":"(anonymous_11)","decl":{"start":{"line":57,"column":33},"end":{"line":57,"column":34}},"loc":{"start":{"line":57,"column":40},"end":{"line":57,"column":66}},"line":57},"12":{"name":"(anonymous_12)","decl":{"start":{"line":58,"column":30},"end":{"line":58,"column":31}},"loc":{"start":{"line":58,"column":37},"end":{"line":58,"column":59}},"line":58},"13":{"name":"(anonymous_13)","decl":{"start":{"line":59,"column":27},"end":{"line":59,"column":28}},"loc":{"start":{"line":59,"column":34},"end":{"line":59,"column":53}},"line":59},"14":{"name":"(anonymous_14)","decl":{"start":{"line":64,"column":26},"end":{"line":64,"column":27}},"loc":{"start":{"line":64,"column":32},"end":{"line":67,"column":3}},"line":64},"15":{"name":"(anonymous_15)","decl":{"start":{"line":66,"column":24},"end":{"line":66,"column":25}},"loc":{"start":{"line":66,"column":31},"end":{"line":66,"column":64}},"line":66},"16":{"name":"(anonymous_16)","decl":{"start":{"line":79,"column":19},"end":{"line":79,"column":20}},"loc":{"start":{"line":79,"column":25},"end":{"line":79,"column":46}},"line":79}},"branchMap":{"0":{"loc":{"start":{"line":10,"column":26},"end":{"line":10,"column":38}},"type":"default-arg","locations":[{"start":{"line":10,"column":36},"end":{"line":10,"column":38}}],"line":10},"1":{"loc":{"start":{"line":11,"column":2},"end":{"line":11,"column":35}},"type":"if","locations":[{"start":{"line":11,"column":2},"end":{"line":11,"column":35}},{"start":{},"end":{}}],"line":11},"2":{"loc":{"start":{"line":13,"column":2},"end":{"line":13,"column":28}},"type":"if","locations":[{"start":{"line":13,"column":2},"end":{"line":13,"column":28}},{"start":{},"end":{}}],"line":13},"3":{"loc":{"start":{"line":23,"column":20},"end":{"line":23,"column":45}},"type":"binary-expr","locations":[{"start":{"line":23,"column":20},"end":{"line":23,"column":37}},{"start":{"line":23,"column":41},"end":{"line":23,"column":45}}],"line":23},"4":{"loc":{"start":{"line":24,"column":22},"end":{"line":24,"column":66}},"type":"binary-expr","locations":[{"start":{"line":24,"column":22},"end":{"line":24,"column":41}},{"start":{"line":24,"column":45},"end":{"line":24,"column":66}}],"line":24},"5":{"loc":{"start":{"line":26,"column":16},"end":{"line":26,"column":28}},"type":"default-arg","locations":[{"start":{"line":26,"column":26},"end":{"line":26,"column":28}}],"line":26},"6":{"loc":{"start":{"line":28,"column":25},"end":{"line":28,"column":49}},"type":"binary-expr","locations":[{"start":{"line":28,"column":25},"end":{"line":28,"column":41}},{"start":{"line":28,"column":45},"end":{"line":28,"column":49}}],"line":28},"7":{"loc":{"start":{"line":30,"column":16},"end":{"line":30,"column":26}},"type":"default-arg","locations":[{"start":{"line":30,"column":24},"end":{"line":30,"column":26}}],"line":30},"8":{"loc":{"start":{"line":37,"column":25},"end":{"line":37,"column":51}},"type":"binary-expr","locations":[{"start":{"line":37,"column":25},"end":{"line":37,"column":46}},{"start":{"line":37,"column":50},"end":{"line":37,"column":51}}],"line":37},"9":{"loc":{"start":{"line":38,"column":28},"end":{"line":38,"column":59}},"type":"binary-expr","locations":[{"start":{"line":38,"column":28},"end":{"line":38,"column":51}},{"start":{"line":38,"column":55},"end":{"line":38,"column":59}}],"line":38},"10":{"loc":{"start":{"line":41,"column":20},"end":{"line":41,"column":37}},"type":"cond-expr","locations":[{"start":{"line":41,"column":32},"end":{"line":41,"column":33}},{"start":{"line":41,"column":36},"end":{"line":41,"column":37}}],"line":41},"11":{"loc":{"start":{"line":50,"column":4},"end":{"line":50,"column":47}},"type":"if","locations":[{"start":{"line":50,"column":4},"end":{"line":50,"column":47}},{"start":{},"end":{}}],"line":50},"12":{"loc":{"start":{"line":50,"column":8},"end":{"line":50,"column":35}},"type":"binary-expr","locations":[{"start":{"line":50,"column":8},"end":{"line":50,"column":21}},{"start":{"line":50,"column":25},"end":{"line":50,"column":35}}],"line":50},"13":{"loc":{"start":{"line":55,"column":20},"end":{"line":55,"column":76}},"type":"binary-expr","locations":[{"start":{"line":55,"column":20},"end":{"line":55,"column":37}},{"start":{"line":55,"column":41},"end":{"line":55,"column":64}},{"start":{"line":55,"column":68},"end":{"line":55,"column":76}}],"line":55},"14":{"loc":{"start":{"line":65,"column":4},"end":{"line":65,"column":32}},"type":"if","locations":[{"start":{"line":65,"column":4},"end":{"line":65,"column":32}},{"start":{},"end":{}}],"line":65},"15":{"loc":{"start":{"line":69,"column":19},"end":{"line":69,"column":63}},"type":"binary-expr","locations":[{"start":{"line":69,"column":19},"end":{"line":69,"column":52}},{"start":{"line":69,"column":56},"end":{"line":69,"column":63}}],"line":69},"16":{"loc":{"start":{"line":70,"column":27},"end":{"line":70,"column":96}},"type":"binary-expr","locations":[{"start":{"line":70,"column":27},"end":{"line":70,"column":45}},{"start":{"line":70,"column":49},"end":{"line":70,"column":73}},{"start":{"line":70,"column":77},"end":{"line":70,"column":96}}],"line":70}},"s":{"0":0,"1":0,"2":0,"3":0,"4":0,"5":0,"6":0,"7":0,"8":0,"9":0,"10":0,"11":0,"12":0,"13":0,"14":0,"15":0,"16":0,"17":0,"18":0,"19":0,"20":0,"21":0,"22":0,"23":0,"24":0,"25":0,"26":0,"27":0,"28":0,"29":0,"30":0,"31":0,"32":0,"33":0,"34":0,"35":0,"36":0,"37":0,"38":0,"39":0,"40":0,"41":0,"42":0,"43":0,"44":0,"45":0},"f":{"0":0,"1":0,"2":0,"3":0,"4":0,"5":0,"6":0,"7":0,"8":0,"9":0,"10":0,"11":0,"12":0,"13":0,"14":0,"15":0,"16":0},"b":{"0":[0],"1":[0,0],"2":[0,0],"3":[0,0],"4":[0,0],"5":[0],"6":[0,0],"7":[0],"8":[0,0],"9":[0,0],"10":[0,0],"11":[0,0],"12":[0,0],"13":[0,0,0],"14":[0,0],"15":[0,0],"16":[0,0,0]}}
,"/Users/jozefhdez/Desktop/Dev/Projects/oracle-pm-project/MtdrSpring/backend/src/main/frontend/src/controllers/KanbanBoardController.jsx": {"path":"/Users/jozefhdez/Desktop/Dev/Projects/oracle-pm-project/MtdrSpring/backend/src/main/frontend/src/controllers/KanbanBoardController.jsx","statementMap":{"0":{"start":{"line":9,"column":20},"end":{"line":9,"column":44}},"1":{"start":{"line":12,"column":2},"end":{"line":12,"column":35}},"2":{"start":{"line":12,"column":23},"end":{"line":12,"column":35}},"3":{"start":{"line":13,"column":2},"end":{"line":17,"column":4}},"4":{"start":{"line":14,"column":24},"end":{"line":14,"column":45}},"5":{"start":{"line":15,"column":24},"end":{"line":15,"column":47}},"6":{"start":{"line":21,"column":19},"end":{"line":21,"column":32}},"7":{"start":{"line":22,"column":28},"end":{"line":22,"column":46}},"8":{"start":{"line":23,"column":20},"end":{"line":23,"column":37}},"9":{"start":{"line":25,"column":34},"end":{"line":25,"column":89}},"10":{"start":{"line":25,"column":49},"end":{"line":25,"column":88}},"11":{"start":{"line":27,"column":33},"end":{"line":27,"column":54}},"12":{"start":{"line":28,"column":58},"end":{"line":28,"column":82}},"13":{"start":{"line":29,"column":62},"end":{"line":29,"column":83}},"14":{"start":{"line":32,"column":2},"end":{"line":35,"column":18}},"15":{"start":{"line":33,"column":4},"end":{"line":33,"column":20}},"16":{"start":{"line":34,"column":4},"end":{"line":34,"column":41}},"17":{"start":{"line":38,"column":2},"end":{"line":45,"column":26}},"18":{"start":{"line":39,"column":4},"end":{"line":39,"column":44}},"19":{"start":{"line":39,"column":37},"end":{"line":39,"column":44}},"20":{"start":{"line":40,"column":26},"end":{"line":40,"column":52}},"21":{"start":{"line":41,"column":4},"end":{"line":44,"column":5}},"22":{"start":{"line":42,"column":6},"end":{"line":42,"column":36}},"23":{"start":{"line":43,"column":6},"end":{"line":43,"column":58}},"24":{"start":{"line":46,"column":16},"end":{"line":46,"column":58}},"25":{"start":{"line":46,"column":35},"end":{"line":46,"column":41}},"26":{"start":{"line":48,"column":29},"end":{"line":51,"column":3}},"27":{"start":{"line":49,"column":4},"end":{"line":49,"column":20}},"28":{"start":{"line":50,"column":4},"end":{"line":50,"column":42}},"29":{"start":{"line":53,"column":2},"end":{"line":64,"column":4}},"30":{"start":{"line":62,"column":32},"end":{"line":62,"column":60}}},"fnMap":{"0":{"name":"pickDefaultSprint","decl":{"start":{"line":11,"column":9},"end":{"line":11,"column":26}},"loc":{"start":{"line":11,"column":36},"end":{"line":18,"column":1}},"line":11},"1":{"name":"(anonymous_1)","decl":{"start":{"line":14,"column":17},"end":{"line":14,"column":18}},"loc":{"start":{"line":14,"column":24},"end":{"line":14,"column":45}},"line":14},"2":{"name":"(anonymous_2)","decl":{"start":{"line":15,"column":17},"end":{"line":15,"column":18}},"loc":{"start":{"line":15,"column":24},"end":{"line":15,"column":47}},"line":15},"3":{"name":"KanbanBoardController","decl":{"start":{"line":20,"column":24},"end":{"line":20,"column":45}},"loc":{"start":{"line":20,"column":48},"end":{"line":65,"column":1}},"line":20},"4":{"name":"(anonymous_4)","decl":{"start":{"line":25,"column":43},"end":{"line":25,"column":44}},"loc":{"start":{"line":25,"column":49},"end":{"line":25,"column":88}},"line":25},"5":{"name":"(anonymous_5)","decl":{"start":{"line":32,"column":12},"end":{"line":32,"column":13}},"loc":{"start":{"line":32,"column":18},"end":{"line":35,"column":3}},"line":32},"6":{"name":"(anonymous_6)","decl":{"start":{"line":38,"column":12},"end":{"line":38,"column":13}},"loc":{"start":{"line":38,"column":18},"end":{"line":45,"column":3}},"line":38},"7":{"name":"(anonymous_7)","decl":{"start":{"line":46,"column":28},"end":{"line":46,"column":29}},"loc":{"start":{"line":46,"column":35},"end":{"line":46,"column":41}},"line":46},"8":{"name":"(anonymous_8)","decl":{"start":{"line":48,"column":29},"end":{"line":48,"column":30}},"loc":{"start":{"line":48,"column":37},"end":{"line":51,"column":3}},"line":48},"9":{"name":"(anonymous_9)","decl":{"start":{"line":62,"column":20},"end":{"line":62,"column":21}},"loc":{"start":{"line":62,"column":32},"end":{"line":62,"column":60}},"line":62}},"branchMap":{"0":{"loc":{"start":{"line":12,"column":2},"end":{"line":12,"column":35}},"type":"if","locations":[{"start":{"line":12,"column":2},"end":{"line":12,"column":35}},{"start":{},"end":{}}],"line":12},"1":{"loc":{"start":{"line":14,"column":4},"end":{"line":16,"column":31}},"type":"binary-expr","locations":[{"start":{"line":14,"column":4},"end":{"line":14,"column":46}},{"start":{"line":15,"column":4},"end":{"line":15,"column":48}},{"start":{"line":16,"column":4},"end":{"line":16,"column":31}}],"line":14},"2":{"loc":{"start":{"line":25,"column":49},"end":{"line":25,"column":88}},"type":"binary-expr","locations":[{"start":{"line":25,"column":49},"end":{"line":25,"column":82}},{"start":{"line":25,"column":86},"end":{"line":25,"column":88}}],"line":25},"3":{"loc":{"start":{"line":27,"column":16},"end":{"line":27,"column":28}},"type":"default-arg","locations":[{"start":{"line":27,"column":26},"end":{"line":27,"column":28}}],"line":27},"4":{"loc":{"start":{"line":28,"column":16},"end":{"line":28,"column":26}},"type":"default-arg","locations":[{"start":{"line":28,"column":24},"end":{"line":28,"column":26}}],"line":28},"5":{"loc":{"start":{"line":29,"column":16},"end":{"line":29,"column":28}},"type":"default-arg","locations":[{"start":{"line":29,"column":26},"end":{"line":29,"column":28}}],"line":29},"6":{"loc":{"start":{"line":39,"column":4},"end":{"line":39,"column":44}},"type":"if","locations":[{"start":{"line":39,"column":4},"end":{"line":39,"column":44}},{"start":{},"end":{}}],"line":39},"7":{"loc":{"start":{"line":39,"column":8},"end":{"line":39,"column":35}},"type":"binary-expr","locations":[{"start":{"line":39,"column":8},"end":{"line":39,"column":16}},{"start":{"line":39,"column":20},"end":{"line":39,"column":35}}],"line":39},"8":{"loc":{"start":{"line":41,"column":4},"end":{"line":44,"column":5}},"type":"if","locations":[{"start":{"line":41,"column":4},"end":{"line":44,"column":5}},{"start":{},"end":{}}],"line":41},"9":{"loc":{"start":{"line":60,"column":17},"end":{"line":60,"column":51}},"type":"binary-expr","locations":[{"start":{"line":60,"column":17},"end":{"line":60,"column":31}},{"start":{"line":60,"column":35},"end":{"line":60,"column":51}}],"line":60}},"s":{"0":0,"1":0,"2":0,"3":0,"4":0,"5":0,"6":0,"7":0,"8":0,"9":0,"10":0,"11":0,"12":0,"13":0,"14":0,"15":0,"16":0,"17":0,"18":0,"19":0,"20":0,"21":0,"22":0,"23":0,"24":0,"25":0,"26":0,"27":0,"28":0,"29":0,"30":0},"f":{"0":0,"1":0,"2":0,"3":0,"4":0,"5":0,"6":0,"7":0,"8":0,"9":0},"b":{"0":[0,0],"1":[0,0,0],"2":[0,0],"3":[0],"4":[0],"5":[0],"6":[0,0],"7":[0,0],"8":[0,0],"9":[0,0]}}
,"/Users/jozefhdez/Desktop/Dev/Projects/oracle-pm-project/MtdrSpring/backend/src/main/frontend/src/controllers/KpiDashboardController.jsx": {"path":"/Users/jozefhdez/Desktop/Dev/Projects/oracle-pm-project/MtdrSpring/backend/src/main/frontend/src/controllers/KpiDashboardController.jsx","statementMap":{"0":{"start":{"line":11,"column":20},"end":{"line":11,"column":41}},"1":{"start":{"line":14,"column":2},"end":{"line":14,"column":35}},"2":{"start":{"line":14,"column":23},"end":{"line":14,"column":35}},"3":{"start":{"line":15,"column":2},"end":{"line":19,"column":4}},"4":{"start":{"line":16,"column":24},"end":{"line":16,"column":45}},"5":{"start":{"line":17,"column":24},"end":{"line":17,"column":48}},"6":{"start":{"line":23,"column":28},"end":{"line":23,"column":46}},"7":{"start":{"line":24,"column":26},"end":{"line":24,"column":42}},"8":{"start":{"line":25,"column":34},"end":{"line":25,"column":89}},"9":{"start":{"line":25,"column":49},"end":{"line":25,"column":88}},"10":{"start":{"line":27,"column":33},"end":{"line":27,"column":62}},"11":{"start":{"line":28,"column":23},"end":{"line":28,"column":41}},"12":{"start":{"line":29,"column":28},"end":{"line":29,"column":58}},"13":{"start":{"line":31,"column":47},"end":{"line":31,"column":72}},"14":{"start":{"line":33,"column":4},"end":{"line":33,"column":40}},"15":{"start":{"line":35,"column":27},"end":{"line":41,"column":4}},"16":{"start":{"line":36,"column":33},"end":{"line":40,"column":5}},"17":{"start":{"line":38,"column":21},"end":{"line":38,"column":46}},"18":{"start":{"line":43,"column":26},"end":{"line":46,"column":5}},"19":{"start":{"line":43,"column":49},"end":{"line":46,"column":3}},"20":{"start":{"line":48,"column":28},"end":{"line":48,"column":85}},"21":{"start":{"line":48,"column":73},"end":{"line":48,"column":84}},"22":{"start":{"line":51,"column":2},"end":{"line":54,"column":26}},"23":{"start":{"line":52,"column":4},"end":{"line":52,"column":20}},"24":{"start":{"line":53,"column":4},"end":{"line":53,"column":41}},"25":{"start":{"line":57,"column":2},"end":{"line":64,"column":26}},"26":{"start":{"line":58,"column":4},"end":{"line":58,"column":44}},"27":{"start":{"line":58,"column":37},"end":{"line":58,"column":44}},"28":{"start":{"line":59,"column":26},"end":{"line":59,"column":52}},"29":{"start":{"line":60,"column":4},"end":{"line":63,"column":5}},"30":{"start":{"line":61,"column":6},"end":{"line":61,"column":36}},"31":{"start":{"line":62,"column":6},"end":{"line":62,"column":58}},"32":{"start":{"line":66,"column":29},"end":{"line":69,"column":3}},"33":{"start":{"line":67,"column":4},"end":{"line":67,"column":20}},"34":{"start":{"line":68,"column":4},"end":{"line":68,"column":42}},"35":{"start":{"line":71,"column":2},"end":{"line":83,"column":4}}},"fnMap":{"0":{"name":"pickDefaultSprint","decl":{"start":{"line":13,"column":9},"end":{"line":13,"column":26}},"loc":{"start":{"line":13,"column":36},"end":{"line":20,"column":1}},"line":13},"1":{"name":"(anonymous_1)","decl":{"start":{"line":16,"column":17},"end":{"line":16,"column":18}},"loc":{"start":{"line":16,"column":24},"end":{"line":16,"column":45}},"line":16},"2":{"name":"(anonymous_2)","decl":{"start":{"line":17,"column":17},"end":{"line":17,"column":18}},"loc":{"start":{"line":17,"column":24},"end":{"line":17,"column":48}},"line":17},"3":{"name":"KpiDashboardController","decl":{"start":{"line":22,"column":24},"end":{"line":22,"column":46}},"loc":{"start":{"line":22,"column":49},"end":{"line":84,"column":1}},"line":22},"4":{"name":"(anonymous_4)","decl":{"start":{"line":25,"column":43},"end":{"line":25,"column":44}},"loc":{"start":{"line":25,"column":49},"end":{"line":25,"column":88}},"line":25},"5":{"name":"(anonymous_5)","decl":{"start":{"line":36,"column":25},"end":{"line":36,"column":26}},"loc":{"start":{"line":36,"column":33},"end":{"line":40,"column":5}},"line":36},"6":{"name":"(anonymous_6)","decl":{"start":{"line":38,"column":15},"end":{"line":38,"column":16}},"loc":{"start":{"line":38,"column":21},"end":{"line":38,"column":46}},"line":38},"7":{"name":"(anonymous_7)","decl":{"start":{"line":43,"column":38},"end":{"line":43,"column":39}},"loc":{"start":{"line":43,"column":49},"end":{"line":46,"column":3}},"line":43},"8":{"name":"(anonymous_8)","decl":{"start":{"line":48,"column":66},"end":{"line":48,"column":67}},"loc":{"start":{"line":48,"column":73},"end":{"line":48,"column":84}},"line":48},"9":{"name":"(anonymous_9)","decl":{"start":{"line":51,"column":12},"end":{"line":51,"column":13}},"loc":{"start":{"line":51,"column":18},"end":{"line":54,"column":3}},"line":51},"10":{"name":"(anonymous_10)","decl":{"start":{"line":57,"column":12},"end":{"line":57,"column":13}},"loc":{"start":{"line":57,"column":18},"end":{"line":64,"column":3}},"line":57},"11":{"name":"(anonymous_11)","decl":{"start":{"line":66,"column":29},"end":{"line":66,"column":30}},"loc":{"start":{"line":66,"column":37},"end":{"line":69,"column":3}},"line":66}},"branchMap":{"0":{"loc":{"start":{"line":14,"column":2},"end":{"line":14,"column":35}},"type":"if","locations":[{"start":{"line":14,"column":2},"end":{"line":14,"column":35}},{"start":{},"end":{}}],"line":14},"1":{"loc":{"start":{"line":16,"column":4},"end":{"line":18,"column":31}},"type":"binary-expr","locations":[{"start":{"line":16,"column":4},"end":{"line":16,"column":46}},{"start":{"line":17,"column":4},"end":{"line":17,"column":49}},{"start":{"line":18,"column":4},"end":{"line":18,"column":31}}],"line":16},"2":{"loc":{"start":{"line":25,"column":49},"end":{"line":25,"column":88}},"type":"binary-expr","locations":[{"start":{"line":25,"column":49},"end":{"line":25,"column":82}},{"start":{"line":25,"column":86},"end":{"line":25,"column":88}}],"line":25},"3":{"loc":{"start":{"line":27,"column":16},"end":{"line":27,"column":28}},"type":"default-arg","locations":[{"start":{"line":27,"column":26},"end":{"line":27,"column":28}}],"line":27},"4":{"loc":{"start":{"line":29,"column":28},"end":{"line":29,"column":58}},"type":"cond-expr","locations":[{"start":{"line":29,"column":43},"end":{"line":29,"column":47}},{"start":{"line":29,"column":50},"end":{"line":29,"column":58}}],"line":29},"5":{"loc":{"start":{"line":32,"column":16},"end":{"line":32,"column":35}},"type":"default-arg","locations":[{"start":{"line":32,"column":33},"end":{"line":32,"column":35}}],"line":32},"6":{"loc":{"start":{"line":45,"column":20},"end":{"line":45,"column":51}},"type":"binary-expr","locations":[{"start":{"line":45,"column":20},"end":{"line":45,"column":45}},{"start":{"line":45,"column":49},"end":{"line":45,"column":51}}],"line":45},"7":{"loc":{"start":{"line":48,"column":28},"end":{"line":48,"column":85}},"type":"binary-expr","locations":[{"start":{"line":48,"column":28},"end":{"line":48,"column":40}},{"start":{"line":48,"column":44},"end":{"line":48,"column":85}}],"line":48},"8":{"loc":{"start":{"line":58,"column":4},"end":{"line":58,"column":44}},"type":"if","locations":[{"start":{"line":58,"column":4},"end":{"line":58,"column":44}},{"start":{},"end":{}}],"line":58},"9":{"loc":{"start":{"line":58,"column":8},"end":{"line":58,"column":35}},"type":"binary-expr","locations":[{"start":{"line":58,"column":8},"end":{"line":58,"column":16}},{"start":{"line":58,"column":20},"end":{"line":58,"column":35}}],"line":58},"10":{"loc":{"start":{"line":60,"column":4},"end":{"line":63,"column":5}},"type":"if","locations":[{"start":{"line":60,"column":4},"end":{"line":63,"column":5}},{"start":{},"end":{}}],"line":60},"11":{"loc":{"start":{"line":76,"column":11},"end":{"line":76,"column":22}},"type":"binary-expr","locations":[{"start":{"line":76,"column":11},"end":{"line":76,"column":14}},{"start":{"line":76,"column":18},"end":{"line":76,"column":22}}],"line":76},"12":{"loc":{"start":{"line":79,"column":24},"end":{"line":79,"column":50}},"type":"binary-expr","locations":[{"start":{"line":79,"column":24},"end":{"line":79,"column":42}},{"start":{"line":79,"column":46},"end":{"line":79,"column":50}}],"line":79},"13":{"loc":{"start":{"line":80,"column":20},"end":{"line":80,"column":67}},"type":"binary-expr","locations":[{"start":{"line":80,"column":20},"end":{"line":80,"column":32}},{"start":{"line":80,"column":36},"end":{"line":80,"column":46}},{"start":{"line":80,"column":50},"end":{"line":80,"column":67}}],"line":80}},"s":{"0":0,"1":0,"2":0,"3":0,"4":0,"5":0,"6":0,"7":0,"8":0,"9":0,"10":0,"11":0,"12":0,"13":0,"14":0,"15":0,"16":0,"17":0,"18":0,"19":0,"20":0,"21":0,"22":0,"23":0,"24":0,"25":0,"26":0,"27":0,"28":0,"29":0,"30":0,"31":0,"32":0,"33":0,"34":0,"35":0},"f":{"0":0,"1":0,"2":0,"3":0,"4":0,"5":0,"6":0,"7":0,"8":0,"9":0,"10":0,"11":0},"b":{"0":[0,0],"1":[0,0,0],"2":[0,0],"3":[0],"4":[0,0],"5":[0],"6":[0,0],"7":[0,0],"8":[0,0],"9":[0,0],"10":[0,0],"11":[0,0],"12":[0,0],"13":[0,0,0]}}
,"/Users/jozefhdez/Desktop/Dev/Projects/oracle-pm-project/MtdrSpring/backend/src/main/frontend/src/controllers/ProfileController.jsx": {"path":"/Users/jozefhdez/Desktop/Dev/Projects/oracle-pm-project/MtdrSpring/backend/src/main/frontend/src/controllers/ProfileController.jsx","statementMap":{"0":{"start":{"line":10,"column":15},"end":{"line":10,"column":24}},"1":{"start":{"line":11,"column":28},"end":{"line":11,"column":46}},"2":{"start":{"line":12,"column":26},"end":{"line":12,"column":42}},"3":{"start":{"line":13,"column":20},"end":{"line":13,"column":37}},"4":{"start":{"line":14,"column":20},"end":{"line":14,"column":73}},"5":{"start":{"line":15,"column":44},"end":{"line":15,"column":56}},"6":{"start":{"line":17,"column":47},"end":{"line":17,"column":68}},"7":{"start":{"line":18,"column":30},"end":{"line":18,"column":46}},"8":{"start":{"line":20,"column":4},"end":{"line":24,"column":21}},"9":{"start":{"line":25,"column":25},"end":{"line":25,"column":51}},"10":{"start":{"line":26,"column":25},"end":{"line":26,"column":51}},"11":{"start":{"line":28,"column":18},"end":{"line":28,"column":84}},"12":{"start":{"line":28,"column":43},"end":{"line":28,"column":83}},"13":{"start":{"line":30,"column":23},"end":{"line":41,"column":3}},"14":{"start":{"line":31,"column":4},"end":{"line":31,"column":25}},"15":{"start":{"line":32,"column":4},"end":{"line":40,"column":7}},"16":{"start":{"line":34,"column":8},"end":{"line":38,"column":10}},"17":{"start":{"line":43,"column":2},"end":{"line":60,"column":4}},"18":{"start":{"line":51,"column":34},"end":{"line":51,"column":63}}},"fnMap":{"0":{"name":"ProfileController","decl":{"start":{"line":9,"column":24},"end":{"line":9,"column":41}},"loc":{"start":{"line":9,"column":44},"end":{"line":61,"column":1}},"line":9},"1":{"name":"(anonymous_1)","decl":{"start":{"line":28,"column":36},"end":{"line":28,"column":37}},"loc":{"start":{"line":28,"column":43},"end":{"line":28,"column":83}},"line":28},"2":{"name":"(anonymous_2)","decl":{"start":{"line":30,"column":23},"end":{"line":30,"column":24}},"loc":{"start":{"line":30,"column":34},"end":{"line":41,"column":3}},"line":30},"3":{"name":"(anonymous_3)","decl":{"start":{"line":33,"column":17},"end":{"line":33,"column":18}},"loc":{"start":{"line":33,"column":27},"end":{"line":39,"column":7}},"line":33},"4":{"name":"(anonymous_4)","decl":{"start":{"line":51,"column":22},"end":{"line":51,"column":23}},"loc":{"start":{"line":51,"column":34},"end":{"line":51,"column":63}},"line":51}},"branchMap":{"0":{"loc":{"start":{"line":14,"column":20},"end":{"line":14,"column":73}},"type":"binary-expr","locations":[{"start":{"line":14,"column":20},"end":{"line":14,"column":38}},{"start":{"line":14,"column":42},"end":{"line":14,"column":67}},{"start":{"line":14,"column":71},"end":{"line":14,"column":73}}],"line":14},"1":{"loc":{"start":{"line":17,"column":16},"end":{"line":17,"column":31}},"type":"default-arg","locations":[{"start":{"line":17,"column":29},"end":{"line":17,"column":31}}],"line":17},"2":{"loc":{"start":{"line":20,"column":4},"end":{"line":24,"column":21}},"type":"cond-expr","locations":[{"start":{"line":21,"column":8},"end":{"line":21,"column":25}},{"start":{"line":22,"column":8},"end":{"line":24,"column":21}}],"line":20},"3":{"loc":{"start":{"line":22,"column":8},"end":{"line":24,"column":21}},"type":"cond-expr","locations":[{"start":{"line":23,"column":10},"end":{"line":23,"column":21}},{"start":{"line":24,"column":10},"end":{"line":24,"column":21}}],"line":22},"4":{"loc":{"start":{"line":28,"column":44},"end":{"line":28,"column":68}},"type":"binary-expr","locations":[{"start":{"line":28,"column":44},"end":{"line":28,"column":57}},{"start":{"line":28,"column":61},"end":{"line":28,"column":68}}],"line":28},"5":{"loc":{"start":{"line":35,"column":10},"end":{"line":37,"column":81}},"type":"cond-expr","locations":[{"start":{"line":36,"column":14},"end":{"line":36,"column":50}},{"start":{"line":37,"column":14},"end":{"line":37,"column":81}}],"line":35}},"s":{"0":0,"1":0,"2":0,"3":0,"4":0,"5":0,"6":0,"7":0,"8":0,"9":0,"10":0,"11":0,"12":0,"13":0,"14":0,"15":0,"16":0,"17":0,"18":0},"f":{"0":0,"1":0,"2":0,"3":0,"4":0},"b":{"0":[0,0,0],"1":[0],"2":[0,0],"3":[0,0],"4":[0,0],"5":[0,0]}}
,"/Users/jozefhdez/Desktop/Dev/Projects/oracle-pm-project/MtdrSpring/backend/src/main/frontend/src/controllers/ProjectDetailController.jsx": {"path":"/Users/jozefhdez/Desktop/Dev/Projects/oracle-pm-project/MtdrSpring/backend/src/main/frontend/src/controllers/ProjectDetailController.jsx","statementMap":{"0":{"start":{"line":9,"column":24},"end":{"line":9,"column":35}},"1":{"start":{"line":10,"column":19},"end":{"line":10,"column":32}},"2":{"start":{"line":12,"column":55},"end":{"line":12,"column":76}},"3":{"start":{"line":13,"column":60},"end":{"line":13,"column":81}},"4":{"start":{"line":14,"column":23},"end":{"line":14,"column":49}},"5":{"start":{"line":15,"column":23},"end":{"line":15,"column":49}},"6":{"start":{"line":16,"column":24},"end":{"line":16,"column":40}},"7":{"start":{"line":18,"column":2},"end":{"line":18,"column":50}},"8":{"start":{"line":18,"column":22},"end":{"line":18,"column":50}},"9":{"start":{"line":20,"column":2},"end":{"line":30,"column":4}},"10":{"start":{"line":26,"column":36},"end":{"line":26,"column":90}},"11":{"start":{"line":27,"column":32},"end":{"line":27,"column":62}},"12":{"start":{"line":28,"column":36},"end":{"line":28,"column":70}}},"fnMap":{"0":{"name":"ProjectDetailController","decl":{"start":{"line":8,"column":24},"end":{"line":8,"column":47}},"loc":{"start":{"line":8,"column":50},"end":{"line":31,"column":1}},"line":8},"1":{"name":"(anonymous_1)","decl":{"start":{"line":26,"column":22},"end":{"line":26,"column":23}},"loc":{"start":{"line":26,"column":36},"end":{"line":26,"column":90}},"line":26},"2":{"name":"(anonymous_2)","decl":{"start":{"line":27,"column":22},"end":{"line":27,"column":23}},"loc":{"start":{"line":27,"column":32},"end":{"line":27,"column":62}},"line":27},"3":{"name":"(anonymous_3)","decl":{"start":{"line":28,"column":22},"end":{"line":28,"column":23}},"loc":{"start":{"line":28,"column":36},"end":{"line":28,"column":70}},"line":28}},"branchMap":{"0":{"loc":{"start":{"line":13,"column":16},"end":{"line":13,"column":28}},"type":"default-arg","locations":[{"start":{"line":13,"column":26},"end":{"line":13,"column":28}}],"line":13},"1":{"loc":{"start":{"line":18,"column":2},"end":{"line":18,"column":50}},"type":"if","locations":[{"start":{"line":18,"column":2},"end":{"line":18,"column":50}},{"start":{},"end":{}}],"line":18}},"s":{"0":0,"1":0,"2":0,"3":0,"4":0,"5":0,"6":0,"7":0,"8":0,"9":0,"10":0,"11":0,"12":0},"f":{"0":0,"1":0,"2":0,"3":0},"b":{"0":[0],"1":[0,0]}}
,"/Users/jozefhdez/Desktop/Dev/Projects/oracle-pm-project/MtdrSpring/backend/src/main/frontend/src/controllers/ProjectSelectorController.jsx": {"path":"/Users/jozefhdez/Desktop/Dev/Projects/oracle-pm-project/MtdrSpring/backend/src/main/frontend/src/controllers/ProjectSelectorController.jsx","statementMap":{"0":{"start":{"line":8,"column":19},"end":{"line":8,"column":32}},"1":{"start":{"line":9,"column":28},"end":{"line":9,"column":46}},"2":{"start":{"line":10,"column":54},"end":{"line":10,"column":67}},"3":{"start":{"line":11,"column":17},"end":{"line":11,"column":35}},"4":{"start":{"line":13,"column":2},"end":{"line":13,"column":45}},"5":{"start":{"line":13,"column":17},"end":{"line":13,"column":45}},"6":{"start":{"line":14,"column":2},"end":{"line":14,"column":86}},"7":{"start":{"line":14,"column":15},"end":{"line":14,"column":86}},"8":{"start":{"line":16,"column":23},"end":{"line":19,"column":3}},"9":{"start":{"line":17,"column":4},"end":{"line":17,"column":27}},"10":{"start":{"line":18,"column":4},"end":{"line":18,"column":27}},"11":{"start":{"line":21,"column":2},"end":{"line":28,"column":4}},"12":{"start":{"line":24,"column":26},"end":{"line":24,"column":50}}},"fnMap":{"0":{"name":"ProjectSelectorController","decl":{"start":{"line":7,"column":24},"end":{"line":7,"column":49}},"loc":{"start":{"line":7,"column":52},"end":{"line":29,"column":1}},"line":7},"1":{"name":"(anonymous_1)","decl":{"start":{"line":16,"column":23},"end":{"line":16,"column":24}},"loc":{"start":{"line":16,"column":36},"end":{"line":19,"column":3}},"line":16},"2":{"name":"(anonymous_2)","decl":{"start":{"line":24,"column":16},"end":{"line":24,"column":17}},"loc":{"start":{"line":24,"column":26},"end":{"line":24,"column":50}},"line":24}},"branchMap":{"0":{"loc":{"start":{"line":10,"column":16},"end":{"line":10,"column":29}},"type":"default-arg","locations":[{"start":{"line":10,"column":27},"end":{"line":10,"column":29}}],"line":10},"1":{"loc":{"start":{"line":13,"column":2},"end":{"line":13,"column":45}},"type":"if","locations":[{"start":{"line":13,"column":2},"end":{"line":13,"column":45}},{"start":{},"end":{}}],"line":13},"2":{"loc":{"start":{"line":14,"column":2},"end":{"line":14,"column":86}},"type":"if","locations":[{"start":{"line":14,"column":2},"end":{"line":14,"column":86}},{"start":{},"end":{}}],"line":14}},"s":{"0":0,"1":0,"2":0,"3":0,"4":0,"5":0,"6":0,"7":0,"8":0,"9":0,"10":0,"11":0,"12":0},"f":{"0":0,"1":0,"2":0},"b":{"0":[0],"1":[0,0],"2":[0,0]}}
,"/Users/jozefhdez/Desktop/Dev/Projects/oracle-pm-project/MtdrSpring/backend/src/main/frontend/src/controllers/SprintBoardController.jsx": {"path":"/Users/jozefhdez/Desktop/Dev/Projects/oracle-pm-project/MtdrSpring/backend/src/main/frontend/src/controllers/SprintBoardController.jsx","statementMap":{"0":{"start":{"line":14,"column":34},"end":{"line":14,"column":45}},"1":{"start":{"line":15,"column":19},"end":{"line":15,"column":32}},"2":{"start":{"line":17,"column":53},"end":{"line":17,"column":72}},"3":{"start":{"line":18,"column":56},"end":{"line":18,"column":80}},"4":{"start":{"line":19,"column":33},"end":{"line":19,"column":54}},"5":{"start":{"line":20,"column":23},"end":{"line":20,"column":52}},"6":{"start":{"line":21,"column":21},"end":{"line":21,"column":44}},"7":{"start":{"line":22,"column":18},"end":{"line":22,"column":30}},"8":{"start":{"line":24,"column":2},"end":{"line":24,"column":65}},"9":{"start":{"line":24,"column":37},"end":{"line":24,"column":65}},"10":{"start":{"line":26,"column":2},"end":{"line":40,"column":4}},"11":{"start":{"line":32,"column":20},"end":{"line":32,"column":54}},"12":{"start":{"line":33,"column":32},"end":{"line":33,"column":60}},"13":{"start":{"line":35,"column":8},"end":{"line":35,"column":60}},"14":{"start":{"line":37,"column":33},"end":{"line":37,"column":64}},"15":{"start":{"line":38,"column":38},"end":{"line":38,"column":81}}},"fnMap":{"0":{"name":"SprintBoardController","decl":{"start":{"line":13,"column":24},"end":{"line":13,"column":45}},"loc":{"start":{"line":13,"column":48},"end":{"line":41,"column":1}},"line":13},"1":{"name":"(anonymous_1)","decl":{"start":{"line":32,"column":14},"end":{"line":32,"column":15}},"loc":{"start":{"line":32,"column":20},"end":{"line":32,"column":54}},"line":32},"2":{"name":"(anonymous_2)","decl":{"start":{"line":33,"column":20},"end":{"line":33,"column":21}},"loc":{"start":{"line":33,"column":32},"end":{"line":33,"column":60}},"line":33},"3":{"name":"(anonymous_3)","decl":{"start":{"line":34,"column":22},"end":{"line":34,"column":23}},"loc":{"start":{"line":35,"column":8},"end":{"line":35,"column":60}},"line":35},"4":{"name":"(anonymous_4)","decl":{"start":{"line":37,"column":20},"end":{"line":37,"column":21}},"loc":{"start":{"line":37,"column":33},"end":{"line":37,"column":64}},"line":37},"5":{"name":"(anonymous_5)","decl":{"start":{"line":38,"column":17},"end":{"line":38,"column":18}},"loc":{"start":{"line":38,"column":38},"end":{"line":38,"column":81}},"line":38}},"branchMap":{"0":{"loc":{"start":{"line":18,"column":16},"end":{"line":18,"column":26}},"type":"default-arg","locations":[{"start":{"line":18,"column":24},"end":{"line":18,"column":26}}],"line":18},"1":{"loc":{"start":{"line":19,"column":16},"end":{"line":19,"column":28}},"type":"default-arg","locations":[{"start":{"line":19,"column":26},"end":{"line":19,"column":28}}],"line":19},"2":{"loc":{"start":{"line":24,"column":2},"end":{"line":24,"column":65}},"type":"if","locations":[{"start":{"line":24,"column":2},"end":{"line":24,"column":65}},{"start":{},"end":{}}],"line":24},"3":{"loc":{"start":{"line":24,"column":6},"end":{"line":24,"column":35}},"type":"binary-expr","locations":[{"start":{"line":24,"column":6},"end":{"line":24,"column":19}},{"start":{"line":24,"column":23},"end":{"line":24,"column":35}}],"line":24}},"s":{"0":0,"1":0,"2":0,"3":0,"4":0,"5":0,"6":0,"7":0,"8":0,"9":0,"10":0,"11":0,"12":0,"13":0,"14":0,"15":0},"f":{"0":0,"1":0,"2":0,"3":0,"4":0,"5":0},"b":{"0":[0],"1":[0],"2":[0,0],"3":[0,0]}}
,"/Users/jozefhdez/Desktop/Dev/Projects/oracle-pm-project/MtdrSpring/backend/src/main/frontend/src/controllers/TaskDetailController.jsx": {"path":"/Users/jozefhdez/Desktop/Dev/Projects/oracle-pm-project/MtdrSpring/backend/src/main/frontend/src/controllers/TaskDetailController.jsx","statementMap":{"0":{"start":{"line":7,"column":21},"end":{"line":7,"column":32}},"1":{"start":{"line":8,"column":19},"end":{"line":8,"column":32}},"2":{"start":{"line":10,"column":36},"end":{"line":10,"column":51}},"3":{"start":{"line":11,"column":33},"end":{"line":11,"column":55}},"4":{"start":{"line":12,"column":30},"end":{"line":12,"column":53}},"5":{"start":{"line":14,"column":2},"end":{"line":14,"column":45}},"6":{"start":{"line":14,"column":17},"end":{"line":14,"column":45}},"7":{"start":{"line":16,"column":2},"end":{"line":16,"column":98}},"8":{"start":{"line":16,"column":81},"end":{"line":16,"column":93}}},"fnMap":{"0":{"name":"TaskDetailController","decl":{"start":{"line":6,"column":24},"end":{"line":6,"column":44}},"loc":{"start":{"line":6,"column":47},"end":{"line":17,"column":1}},"line":6},"1":{"name":"(anonymous_1)","decl":{"start":{"line":16,"column":75},"end":{"line":16,"column":76}},"loc":{"start":{"line":16,"column":81},"end":{"line":16,"column":93}},"line":16}},"branchMap":{"0":{"loc":{"start":{"line":11,"column":16},"end":{"line":11,"column":28}},"type":"default-arg","locations":[{"start":{"line":11,"column":26},"end":{"line":11,"column":28}}],"line":11},"1":{"loc":{"start":{"line":12,"column":16},"end":{"line":12,"column":25}},"type":"default-arg","locations":[{"start":{"line":12,"column":23},"end":{"line":12,"column":25}}],"line":12},"2":{"loc":{"start":{"line":14,"column":2},"end":{"line":14,"column":45}},"type":"if","locations":[{"start":{"line":14,"column":2},"end":{"line":14,"column":45}},{"start":{},"end":{}}],"line":14}},"s":{"0":0,"1":0,"2":0,"3":0,"4":0,"5":0,"6":0,"7":0,"8":0},"f":{"0":0,"1":0},"b":{"0":[0],"1":[0],"2":[0,0]}}
,"/Users/jozefhdez/Desktop/Dev/Projects/oracle-pm-project/MtdrSpring/backend/src/main/frontend/src/models/CurrentUserContext.js": {"path":"/Users/jozefhdez/Desktop/Dev/Projects/oracle-pm-project/MtdrSpring/backend/src/main/frontend/src/models/CurrentUserContext.js","statementMap":{"0":{"start":{"line":6,"column":27},"end":{"line":6,"column":46}},"1":{"start":{"line":9,"column":15},"end":{"line":9,"column":24}},"2":{"start":{"line":15,"column":6},"end":{"line":21,"column":4}},"3":{"start":{"line":23,"column":2},"end":{"line":27,"column":4}},"4":{"start":{"line":31,"column":2},"end":{"line":31,"column":40}}},"fnMap":{"0":{"name":"CurrentUserProvider","decl":{"start":{"line":8,"column":16},"end":{"line":8,"column":35}},"loc":{"start":{"line":8,"column":50},"end":{"line":28,"column":1}},"line":8},"1":{"name":"useCurrentUser","decl":{"start":{"line":30,"column":16},"end":{"line":30,"column":30}},"loc":{"start":{"line":30,"column":33},"end":{"line":32,"column":1}},"line":30}},"branchMap":{"0":{"loc":{"start":{"line":24,"column":55},"end":{"line":24,"column":74}},"type":"binary-expr","locations":[{"start":{"line":24,"column":55},"end":{"line":24,"column":66}},{"start":{"line":24,"column":70},"end":{"line":24,"column":74}}],"line":24}},"s":{"0":0,"1":0,"2":0,"3":0,"4":0},"f":{"0":0,"1":0},"b":{"0":[0,0]}}
,"/Users/jozefhdez/Desktop/Dev/Projects/oracle-pm-project/MtdrSpring/backend/src/main/frontend/src/models/ProjectContext.js": {"path":"/Users/jozefhdez/Desktop/Dev/Projects/oracle-pm-project/MtdrSpring/backend/src/main/frontend/src/models/ProjectContext.js","statementMap":{"0":{"start":{"line":3,"column":23},"end":{"line":3,"column":42}},"1":{"start":{"line":6,"column":2},"end":{"line":11,"column":3}},"2":{"start":{"line":7,"column":19},"end":{"line":7,"column":56}},"3":{"start":{"line":8,"column":4},"end":{"line":8,"column":46}},"4":{"start":{"line":10,"column":4},"end":{"line":10,"column":16}},"5":{"start":{"line":15,"column":44},"end":{"line":15,"column":69}},"6":{"start":{"line":17,"column":24},"end":{"line":20,"column":3}},"7":{"start":{"line":18,"column":4},"end":{"line":18,"column":30}},"8":{"start":{"line":19,"column":4},"end":{"line":19,"column":67}},"9":{"start":{"line":22,"column":23},"end":{"line":25,"column":3}},"10":{"start":{"line":23,"column":4},"end":{"line":23,"column":27}},"11":{"start":{"line":24,"column":4},"end":{"line":24,"column":45}},"12":{"start":{"line":27,"column":2},"end":{"line":31,"column":4}},"13":{"start":{"line":34,"column":32},"end":{"line":34,"column":64}},"14":{"start":{"line":34,"column":38},"end":{"line":34,"column":64}}},"fnMap":{"0":{"name":"loadFromStorage","decl":{"start":{"line":5,"column":9},"end":{"line":5,"column":24}},"loc":{"start":{"line":5,"column":27},"end":{"line":12,"column":1}},"line":5},"1":{"name":"ProjectProvider","decl":{"start":{"line":14,"column":16},"end":{"line":14,"column":31}},"loc":{"start":{"line":14,"column":46},"end":{"line":32,"column":1}},"line":14},"2":{"name":"(anonymous_2)","decl":{"start":{"line":17,"column":24},"end":{"line":17,"column":25}},"loc":{"start":{"line":17,"column":37},"end":{"line":20,"column":3}},"line":17},"3":{"name":"(anonymous_3)","decl":{"start":{"line":22,"column":23},"end":{"line":22,"column":24}},"loc":{"start":{"line":22,"column":29},"end":{"line":25,"column":3}},"line":22},"4":{"name":"(anonymous_4)","decl":{"start":{"line":34,"column":32},"end":{"line":34,"column":33}},"loc":{"start":{"line":34,"column":38},"end":{"line":34,"column":64}},"line":34}},"branchMap":{"0":{"loc":{"start":{"line":8,"column":11},"end":{"line":8,"column":45}},"type":"cond-expr","locations":[{"start":{"line":8,"column":20},"end":{"line":8,"column":38}},{"start":{"line":8,"column":41},"end":{"line":8,"column":45}}],"line":8}},"s":{"0":0,"1":0,"2":0,"3":0,"4":0,"5":0,"6":0,"7":0,"8":0,"9":0,"10":0,"11":0,"12":0,"13":0,"14":0},"f":{"0":0,"1":0,"2":0,"3":0,"4":0},"b":{"0":[0,0]}}
,"/Users/jozefhdez/Desktop/Dev/Projects/oracle-pm-project/MtdrSpring/backend/src/main/frontend/src/models/api/client.js": {"path":"/Users/jozefhdez/Desktop/Dev/Projects/oracle-pm-project/MtdrSpring/backend/src/main/frontend/src/models/api/client.js","statementMap":{"0":{"start":{"line":3,"column":15},"end":{"line":5,"column":2}},"1":{"start":{"line":11,"column":16},"end":{"line":11,"column":20}},"2":{"start":{"line":14,"column":2},"end":{"line":14,"column":17}},"3":{"start":{"line":17,"column":0},"end":{"line":25,"column":3}},"4":{"start":{"line":18,"column":2},"end":{"line":23,"column":3}},"5":{"start":{"line":19,"column":18},"end":{"line":19,"column":31}},"6":{"start":{"line":20,"column":4},"end":{"line":22,"column":5}},"7":{"start":{"line":21,"column":6},"end":{"line":21,"column":55}},"8":{"start":{"line":24,"column":2},"end":{"line":24,"column":16}},"9":{"start":{"line":29,"column":2},"end":{"line":33,"column":3}},"10":{"start":{"line":30,"column":4},"end":{"line":30,"column":72}},"11":{"start":{"line":32,"column":4},"end":{"line":32,"column":59}}},"fnMap":{"0":{"name":"setTokenGetter","decl":{"start":{"line":13,"column":16},"end":{"line":13,"column":30}},"loc":{"start":{"line":13,"column":35},"end":{"line":15,"column":1}},"line":13},"1":{"name":"(anonymous_1)","decl":{"start":{"line":17,"column":32},"end":{"line":17,"column":33}},"loc":{"start":{"line":17,"column":44},"end":{"line":25,"column":1}},"line":17},"2":{"name":"setAuthToken","decl":{"start":{"line":28,"column":16},"end":{"line":28,"column":28}},"loc":{"start":{"line":28,"column":36},"end":{"line":34,"column":1}},"line":28}},"branchMap":{"0":{"loc":{"start":{"line":18,"column":2},"end":{"line":23,"column":3}},"type":"if","locations":[{"start":{"line":18,"column":2},"end":{"line":23,"column":3}},{"start":{},"end":{}}],"line":18},"1":{"loc":{"start":{"line":20,"column":4},"end":{"line":22,"column":5}},"type":"if","locations":[{"start":{"line":20,"column":4},"end":{"line":22,"column":5}},{"start":{},"end":{}}],"line":20},"2":{"loc":{"start":{"line":29,"column":2},"end":{"line":33,"column":3}},"type":"if","locations":[{"start":{"line":29,"column":2},"end":{"line":33,"column":3}},{"start":{"line":31,"column":9},"end":{"line":33,"column":3}}],"line":29}},"s":{"0":0,"1":0,"2":0,"3":0,"4":0,"5":0,"6":0,"7":0,"8":0,"9":0,"10":0,"11":0},"f":{"0":0,"1":0,"2":0},"b":{"0":[0,0],"1":[0,0],"2":[0,0]}}
,"/Users/jozefhdez/Desktop/Dev/Projects/oracle-pm-project/MtdrSpring/backend/src/main/frontend/src/models/api/kpiApi.js": {"path":"/Users/jozefhdez/Desktop/Dev/Projects/oracle-pm-project/MtdrSpring/backend/src/main/frontend/src/models/api/kpiApi.js","statementMap":{"0":{"start":{"line":3,"column":24},"end":{"line":3,"column":96}},"1":{"start":{"line":3,"column":38},"end":{"line":3,"column":96}},"2":{"start":{"line":3,"column":89},"end":{"line":3,"column":95}},"3":{"start":{"line":5,"column":35},"end":{"line":6,"column":76}},"4":{"start":{"line":6,"column":2},"end":{"line":6,"column":76}},"5":{"start":{"line":6,"column":69},"end":{"line":6,"column":75}}},"fnMap":{"0":{"name":"(anonymous_0)","decl":{"start":{"line":3,"column":24},"end":{"line":3,"column":25}},"loc":{"start":{"line":3,"column":38},"end":{"line":3,"column":96}},"line":3},"1":{"name":"(anonymous_1)","decl":{"start":{"line":3,"column":82},"end":{"line":3,"column":83}},"loc":{"start":{"line":3,"column":89},"end":{"line":3,"column":95}},"line":3},"2":{"name":"(anonymous_2)","decl":{"start":{"line":5,"column":35},"end":{"line":5,"column":36}},"loc":{"start":{"line":6,"column":2},"end":{"line":6,"column":76}},"line":6},"3":{"name":"(anonymous_3)","decl":{"start":{"line":6,"column":62},"end":{"line":6,"column":63}},"loc":{"start":{"line":6,"column":69},"end":{"line":6,"column":75}},"line":6}},"branchMap":{},"s":{"0":0,"1":0,"2":0,"3":0,"4":0,"5":0},"f":{"0":0,"1":0,"2":0,"3":0},"b":{}}
,"/Users/jozefhdez/Desktop/Dev/Projects/oracle-pm-project/MtdrSpring/backend/src/main/frontend/src/models/api/membersApi.js": {"path":"/Users/jozefhdez/Desktop/Dev/Projects/oracle-pm-project/MtdrSpring/backend/src/main/frontend/src/models/api/membersApi.js","statementMap":{"0":{"start":{"line":3,"column":28},"end":{"line":4,"column":66}},"1":{"start":{"line":4,"column":2},"end":{"line":4,"column":66}},"2":{"start":{"line":4,"column":59},"end":{"line":4,"column":65}},"3":{"start":{"line":5,"column":28},"end":{"line":6,"column":59}},"4":{"start":{"line":6,"column":2},"end":{"line":6,"column":59}},"5":{"start":{"line":7,"column":28},"end":{"line":8,"column":90}},"6":{"start":{"line":8,"column":2},"end":{"line":8,"column":90}},"7":{"start":{"line":8,"column":83},"end":{"line":8,"column":89}}},"fnMap":{"0":{"name":"(anonymous_0)","decl":{"start":{"line":3,"column":28},"end":{"line":3,"column":29}},"loc":{"start":{"line":4,"column":2},"end":{"line":4,"column":66}},"line":4},"1":{"name":"(anonymous_1)","decl":{"start":{"line":4,"column":52},"end":{"line":4,"column":53}},"loc":{"start":{"line":4,"column":59},"end":{"line":4,"column":65}},"line":4},"2":{"name":"(anonymous_2)","decl":{"start":{"line":5,"column":28},"end":{"line":5,"column":29}},"loc":{"start":{"line":6,"column":2},"end":{"line":6,"column":59}},"line":6},"3":{"name":"(anonymous_3)","decl":{"start":{"line":7,"column":28},"end":{"line":7,"column":29}},"loc":{"start":{"line":8,"column":2},"end":{"line":8,"column":90}},"line":8},"4":{"name":"(anonymous_4)","decl":{"start":{"line":8,"column":76},"end":{"line":8,"column":77}},"loc":{"start":{"line":8,"column":83},"end":{"line":8,"column":89}},"line":8}},"branchMap":{},"s":{"0":0,"1":0,"2":0,"3":0,"4":0,"5":0,"6":0,"7":0},"f":{"0":0,"1":0,"2":0,"3":0,"4":0},"b":{}}
,"/Users/jozefhdez/Desktop/Dev/Projects/oracle-pm-project/MtdrSpring/backend/src/main/frontend/src/models/api/projectsApi.js": {"path":"/Users/jozefhdez/Desktop/Dev/Projects/oracle-pm-project/MtdrSpring/backend/src/main/frontend/src/models/api/projectsApi.js","statementMap":{"0":{"start":{"line":3,"column":29},"end":{"line":3,"column":83}},"1":{"start":{"line":3,"column":35},"end":{"line":3,"column":83}},"2":{"start":{"line":3,"column":76},"end":{"line":3,"column":82}},"3":{"start":{"line":4,"column":28},"end":{"line":4,"column":85}},"4":{"start":{"line":4,"column":36},"end":{"line":4,"column":85}},"5":{"start":{"line":4,"column":78},"end":{"line":4,"column":84}},"6":{"start":{"line":5,"column":29},"end":{"line":5,"column":89}},"7":{"start":{"line":5,"column":39},"end":{"line":5,"column":89}},"8":{"start":{"line":5,"column":82},"end":{"line":5,"column":88}}},"fnMap":{"0":{"name":"(anonymous_0)","decl":{"start":{"line":3,"column":29},"end":{"line":3,"column":30}},"loc":{"start":{"line":3,"column":35},"end":{"line":3,"column":83}},"line":3},"1":{"name":"(anonymous_1)","decl":{"start":{"line":3,"column":69},"end":{"line":3,"column":70}},"loc":{"start":{"line":3,"column":76},"end":{"line":3,"column":82}},"line":3},"2":{"name":"(anonymous_2)","decl":{"start":{"line":4,"column":28},"end":{"line":4,"column":29}},"loc":{"start":{"line":4,"column":36},"end":{"line":4,"column":85}},"line":4},"3":{"name":"(anonymous_3)","decl":{"start":{"line":4,"column":71},"end":{"line":4,"column":72}},"loc":{"start":{"line":4,"column":78},"end":{"line":4,"column":84}},"line":4},"4":{"name":"(anonymous_4)","decl":{"start":{"line":5,"column":29},"end":{"line":5,"column":30}},"loc":{"start":{"line":5,"column":39},"end":{"line":5,"column":89}},"line":5},"5":{"name":"(anonymous_5)","decl":{"start":{"line":5,"column":75},"end":{"line":5,"column":76}},"loc":{"start":{"line":5,"column":82},"end":{"line":5,"column":88}},"line":5}},"branchMap":{},"s":{"0":0,"1":0,"2":0,"3":0,"4":0,"5":0,"6":0,"7":0,"8":0},"f":{"0":0,"1":0,"2":0,"3":0,"4":0,"5":0},"b":{}}
,"/Users/jozefhdez/Desktop/Dev/Projects/oracle-pm-project/MtdrSpring/backend/src/main/frontend/src/models/api/sprintsApi.js": {"path":"/Users/jozefhdez/Desktop/Dev/Projects/oracle-pm-project/MtdrSpring/backend/src/main/frontend/src/models/api/sprintsApi.js","statementMap":{"0":{"start":{"line":3,"column":28},"end":{"line":4,"column":66}},"1":{"start":{"line":4,"column":2},"end":{"line":4,"column":66}},"2":{"start":{"line":4,"column":59},"end":{"line":4,"column":65}},"3":{"start":{"line":5,"column":27},"end":{"line":5,"column":83}},"4":{"start":{"line":5,"column":35},"end":{"line":5,"column":83}},"5":{"start":{"line":5,"column":76},"end":{"line":5,"column":82}},"6":{"start":{"line":6,"column":28},"end":{"line":7,"column":73}},"7":{"start":{"line":7,"column":2},"end":{"line":7,"column":73}},"8":{"start":{"line":7,"column":66},"end":{"line":7,"column":72}},"9":{"start":{"line":8,"column":28},"end":{"line":8,"column":87}},"10":{"start":{"line":8,"column":36},"end":{"line":8,"column":87}},"11":{"start":{"line":8,"column":80},"end":{"line":8,"column":86}}},"fnMap":{"0":{"name":"(anonymous_0)","decl":{"start":{"line":3,"column":28},"end":{"line":3,"column":29}},"loc":{"start":{"line":4,"column":2},"end":{"line":4,"column":66}},"line":4},"1":{"name":"(anonymous_1)","decl":{"start":{"line":4,"column":52},"end":{"line":4,"column":53}},"loc":{"start":{"line":4,"column":59},"end":{"line":4,"column":65}},"line":4},"2":{"name":"(anonymous_2)","decl":{"start":{"line":5,"column":27},"end":{"line":5,"column":28}},"loc":{"start":{"line":5,"column":35},"end":{"line":5,"column":83}},"line":5},"3":{"name":"(anonymous_3)","decl":{"start":{"line":5,"column":69},"end":{"line":5,"column":70}},"loc":{"start":{"line":5,"column":76},"end":{"line":5,"column":82}},"line":5},"4":{"name":"(anonymous_4)","decl":{"start":{"line":6,"column":28},"end":{"line":6,"column":29}},"loc":{"start":{"line":7,"column":2},"end":{"line":7,"column":73}},"line":7},"5":{"name":"(anonymous_5)","decl":{"start":{"line":7,"column":59},"end":{"line":7,"column":60}},"loc":{"start":{"line":7,"column":66},"end":{"line":7,"column":72}},"line":7},"6":{"name":"(anonymous_6)","decl":{"start":{"line":8,"column":28},"end":{"line":8,"column":29}},"loc":{"start":{"line":8,"column":36},"end":{"line":8,"column":87}},"line":8},"7":{"name":"(anonymous_7)","decl":{"start":{"line":8,"column":73},"end":{"line":8,"column":74}},"loc":{"start":{"line":8,"column":80},"end":{"line":8,"column":86}},"line":8}},"branchMap":{},"s":{"0":0,"1":0,"2":0,"3":0,"4":0,"5":0,"6":0,"7":0,"8":0,"9":0,"10":0,"11":0},"f":{"0":0,"1":0,"2":0,"3":0,"4":0,"5":0,"6":0,"7":0},"b":{}}
,"/Users/jozefhdez/Desktop/Dev/Projects/oracle-pm-project/MtdrSpring/backend/src/main/frontend/src/models/api/tasksApi.js": {"path":"/Users/jozefhdez/Desktop/Dev/Projects/oracle-pm-project/MtdrSpring/backend/src/main/frontend/src/models/api/tasksApi.js","statementMap":{"0":{"start":{"line":3,"column":26},"end":{"line":4,"column":62}},"1":{"start":{"line":4,"column":2},"end":{"line":4,"column":62}},"2":{"start":{"line":4,"column":55},"end":{"line":4,"column":61}},"3":{"start":{"line":5,"column":25},"end":{"line":5,"column":79}},"4":{"start":{"line":5,"column":33},"end":{"line":5,"column":79}},"5":{"start":{"line":5,"column":72},"end":{"line":5,"column":78}},"6":{"start":{"line":6,"column":32},"end":{"line":6,"column":94}},"7":{"start":{"line":6,"column":40},"end":{"line":6,"column":94}},"8":{"start":{"line":6,"column":87},"end":{"line":6,"column":93}},"9":{"start":{"line":7,"column":33},"end":{"line":7,"column":97}},"10":{"start":{"line":7,"column":41},"end":{"line":7,"column":97}},"11":{"start":{"line":7,"column":90},"end":{"line":7,"column":96}},"12":{"start":{"line":9,"column":26},"end":{"line":10,"column":69}},"13":{"start":{"line":10,"column":2},"end":{"line":10,"column":69}},"14":{"start":{"line":10,"column":62},"end":{"line":10,"column":68}},"15":{"start":{"line":11,"column":31},"end":{"line":12,"column":73}},"16":{"start":{"line":12,"column":2},"end":{"line":12,"column":73}},"17":{"start":{"line":12,"column":66},"end":{"line":12,"column":72}},"18":{"start":{"line":13,"column":26},"end":{"line":14,"column":69}},"19":{"start":{"line":14,"column":2},"end":{"line":14,"column":69}},"20":{"start":{"line":14,"column":62},"end":{"line":14,"column":68}}},"fnMap":{"0":{"name":"(anonymous_0)","decl":{"start":{"line":3,"column":26},"end":{"line":3,"column":27}},"loc":{"start":{"line":4,"column":2},"end":{"line":4,"column":62}},"line":4},"1":{"name":"(anonymous_1)","decl":{"start":{"line":4,"column":48},"end":{"line":4,"column":49}},"loc":{"start":{"line":4,"column":55},"end":{"line":4,"column":61}},"line":4},"2":{"name":"(anonymous_2)","decl":{"start":{"line":5,"column":25},"end":{"line":5,"column":26}},"loc":{"start":{"line":5,"column":33},"end":{"line":5,"column":79}},"line":5},"3":{"name":"(anonymous_3)","decl":{"start":{"line":5,"column":65},"end":{"line":5,"column":66}},"loc":{"start":{"line":5,"column":72},"end":{"line":5,"column":78}},"line":5},"4":{"name":"(anonymous_4)","decl":{"start":{"line":6,"column":32},"end":{"line":6,"column":33}},"loc":{"start":{"line":6,"column":40},"end":{"line":6,"column":94}},"line":6},"5":{"name":"(anonymous_5)","decl":{"start":{"line":6,"column":80},"end":{"line":6,"column":81}},"loc":{"start":{"line":6,"column":87},"end":{"line":6,"column":93}},"line":6},"6":{"name":"(anonymous_6)","decl":{"start":{"line":7,"column":33},"end":{"line":7,"column":34}},"loc":{"start":{"line":7,"column":41},"end":{"line":7,"column":97}},"line":7},"7":{"name":"(anonymous_7)","decl":{"start":{"line":7,"column":83},"end":{"line":7,"column":84}},"loc":{"start":{"line":7,"column":90},"end":{"line":7,"column":96}},"line":7},"8":{"name":"(anonymous_8)","decl":{"start":{"line":9,"column":26},"end":{"line":9,"column":27}},"loc":{"start":{"line":10,"column":2},"end":{"line":10,"column":69}},"line":10},"9":{"name":"(anonymous_9)","decl":{"start":{"line":10,"column":55},"end":{"line":10,"column":56}},"loc":{"start":{"line":10,"column":62},"end":{"line":10,"column":68}},"line":10},"10":{"name":"(anonymous_10)","decl":{"start":{"line":11,"column":31},"end":{"line":11,"column":32}},"loc":{"start":{"line":12,"column":2},"end":{"line":12,"column":73}},"line":12},"11":{"name":"(anonymous_11)","decl":{"start":{"line":12,"column":59},"end":{"line":12,"column":60}},"loc":{"start":{"line":12,"column":66},"end":{"line":12,"column":72}},"line":12},"12":{"name":"(anonymous_12)","decl":{"start":{"line":13,"column":26},"end":{"line":13,"column":27}},"loc":{"start":{"line":14,"column":2},"end":{"line":14,"column":69}},"line":14},"13":{"name":"(anonymous_13)","decl":{"start":{"line":14,"column":55},"end":{"line":14,"column":56}},"loc":{"start":{"line":14,"column":62},"end":{"line":14,"column":68}},"line":14}},"branchMap":{},"s":{"0":0,"1":0,"2":0,"3":0,"4":0,"5":0,"6":0,"7":0,"8":0,"9":0,"10":0,"11":0,"12":0,"13":0,"14":0,"15":0,"16":0,"17":0,"18":0,"19":0,"20":0},"f":{"0":0,"1":0,"2":0,"3":0,"4":0,"5":0,"6":0,"7":0,"8":0,"9":0,"10":0,"11":0,"12":0,"13":0},"b":{}}
,"/Users/jozefhdez/Desktop/Dev/Projects/oracle-pm-project/MtdrSpring/backend/src/main/frontend/src/models/api/usersApi.js": {"path":"/Users/jozefhdez/Desktop/Dev/Projects/oracle-pm-project/MtdrSpring/backend/src/main/frontend/src/models/api/usersApi.js","statementMap":{"0":{"start":{"line":3,"column":26},"end":{"line":3,"column":72}},"1":{"start":{"line":3,"column":32},"end":{"line":3,"column":72}},"2":{"start":{"line":3,"column":65},"end":{"line":3,"column":71}},"3":{"start":{"line":4,"column":23},"end":{"line":4,"column":72}},"4":{"start":{"line":4,"column":29},"end":{"line":4,"column":72}},"5":{"start":{"line":4,"column":65},"end":{"line":4,"column":71}}},"fnMap":{"0":{"name":"(anonymous_0)","decl":{"start":{"line":3,"column":26},"end":{"line":3,"column":27}},"loc":{"start":{"line":3,"column":32},"end":{"line":3,"column":72}},"line":3},"1":{"name":"(anonymous_1)","decl":{"start":{"line":3,"column":58},"end":{"line":3,"column":59}},"loc":{"start":{"line":3,"column":65},"end":{"line":3,"column":71}},"line":3},"2":{"name":"(anonymous_2)","decl":{"start":{"line":4,"column":23},"end":{"line":4,"column":24}},"loc":{"start":{"line":4,"column":29},"end":{"line":4,"column":72}},"line":4},"3":{"name":"(anonymous_3)","decl":{"start":{"line":4,"column":58},"end":{"line":4,"column":59}},"loc":{"start":{"line":4,"column":65},"end":{"line":4,"column":71}},"line":4}},"branchMap":{},"s":{"0":0,"1":0,"2":0,"3":0,"4":0,"5":0},"f":{"0":0,"1":0,"2":0,"3":0},"b":{}}
,"/Users/jozefhdez/Desktop/Dev/Projects/oracle-pm-project/MtdrSpring/backend/src/main/frontend/src/models/hooks/useDeveloperStats.js": {"path":"/Users/jozefhdez/Desktop/Dev/Projects/oracle-pm-project/MtdrSpring/backend/src/main/frontend/src/models/hooks/useDeveloperStats.js","statementMap":{"0":{"start":{"line":4,"column":33},"end":{"line":9,"column":4}},"1":{"start":{"line":5,"column":2},"end":{"line":9,"column":4}},"2":{"start":{"line":7,"column":19},"end":{"line":7,"column":48}}},"fnMap":{"0":{"name":"(anonymous_0)","decl":{"start":{"line":4,"column":33},"end":{"line":4,"column":34}},"loc":{"start":{"line":5,"column":2},"end":{"line":9,"column":4}},"line":5},"1":{"name":"(anonymous_1)","decl":{"start":{"line":7,"column":13},"end":{"line":7,"column":14}},"loc":{"start":{"line":7,"column":19},"end":{"line":7,"column":48}},"line":7}},"branchMap":{},"s":{"0":0,"1":0,"2":0},"f":{"0":0,"1":0},"b":{}}
,"/Users/jozefhdez/Desktop/Dev/Projects/oracle-pm-project/MtdrSpring/backend/src/main/frontend/src/models/hooks/useKpi.js": {"path":"/Users/jozefhdez/Desktop/Dev/Projects/oracle-pm-project/MtdrSpring/backend/src/main/frontend/src/models/hooks/useKpi.js","statementMap":{"0":{"start":{"line":4,"column":22},"end":{"line":9,"column":4}},"1":{"start":{"line":5,"column":2},"end":{"line":9,"column":4}},"2":{"start":{"line":7,"column":19},"end":{"line":7,"column":37}}},"fnMap":{"0":{"name":"(anonymous_0)","decl":{"start":{"line":4,"column":22},"end":{"line":4,"column":23}},"loc":{"start":{"line":5,"column":2},"end":{"line":9,"column":4}},"line":5},"1":{"name":"(anonymous_1)","decl":{"start":{"line":7,"column":13},"end":{"line":7,"column":14}},"loc":{"start":{"line":7,"column":19},"end":{"line":7,"column":37}},"line":7}},"branchMap":{},"s":{"0":0,"1":0,"2":0},"f":{"0":0,"1":0},"b":{}}
,"/Users/jozefhdez/Desktop/Dev/Projects/oracle-pm-project/MtdrSpring/backend/src/main/frontend/src/models/hooks/useMembers.js": {"path":"/Users/jozefhdez/Desktop/Dev/Projects/oracle-pm-project/MtdrSpring/backend/src/main/frontend/src/models/hooks/useMembers.js","statementMap":{"0":{"start":{"line":4,"column":26},"end":{"line":9,"column":4}},"1":{"start":{"line":5,"column":2},"end":{"line":9,"column":4}},"2":{"start":{"line":7,"column":19},"end":{"line":7,"column":42}},"3":{"start":{"line":11,"column":31},"end":{"line":21,"column":1}},"4":{"start":{"line":12,"column":22},"end":{"line":12,"column":38}},"5":{"start":{"line":13,"column":2},"end":{"line":20,"column":5}},"6":{"start":{"line":14,"column":28},"end":{"line":14,"column":59}},"7":{"start":{"line":16,"column":6},"end":{"line":18,"column":8}},"8":{"start":{"line":17,"column":8},"end":{"line":17,"column":58}},"9":{"start":{"line":17,"column":26},"end":{"line":17,"column":57}},"10":{"start":{"line":23,"column":31},"end":{"line":31,"column":1}},"11":{"start":{"line":24,"column":22},"end":{"line":24,"column":38}},"12":{"start":{"line":25,"column":2},"end":{"line":30,"column":5}},"13":{"start":{"line":26,"column":27},"end":{"line":26,"column":57}},"14":{"start":{"line":28,"column":6},"end":{"line":28,"column":74}}},"fnMap":{"0":{"name":"(anonymous_0)","decl":{"start":{"line":4,"column":26},"end":{"line":4,"column":27}},"loc":{"start":{"line":5,"column":2},"end":{"line":9,"column":4}},"line":5},"1":{"name":"(anonymous_1)","decl":{"start":{"line":7,"column":13},"end":{"line":7,"column":14}},"loc":{"start":{"line":7,"column":19},"end":{"line":7,"column":42}},"line":7},"2":{"name":"(anonymous_2)","decl":{"start":{"line":11,"column":31},"end":{"line":11,"column":32}},"loc":{"start":{"line":11,"column":46},"end":{"line":21,"column":1}},"line":11},"3":{"name":"(anonymous_3)","decl":{"start":{"line":14,"column":16},"end":{"line":14,"column":17}},"loc":{"start":{"line":14,"column":28},"end":{"line":14,"column":59}},"line":14},"4":{"name":"(anonymous_4)","decl":{"start":{"line":15,"column":15},"end":{"line":15,"column":16}},"loc":{"start":{"line":15,"column":30},"end":{"line":19,"column":5}},"line":15},"5":{"name":"(anonymous_5)","decl":{"start":{"line":16,"column":55},"end":{"line":16,"column":56}},"loc":{"start":{"line":17,"column":8},"end":{"line":17,"column":58}},"line":17},"6":{"name":"(anonymous_6)","decl":{"start":{"line":17,"column":19},"end":{"line":17,"column":20}},"loc":{"start":{"line":17,"column":26},"end":{"line":17,"column":57}},"line":17},"7":{"name":"(anonymous_7)","decl":{"start":{"line":23,"column":31},"end":{"line":23,"column":32}},"loc":{"start":{"line":23,"column":46},"end":{"line":31,"column":1}},"line":23},"8":{"name":"(anonymous_8)","decl":{"start":{"line":26,"column":16},"end":{"line":26,"column":17}},"loc":{"start":{"line":26,"column":27},"end":{"line":26,"column":57}},"line":26},"9":{"name":"(anonymous_9)","decl":{"start":{"line":27,"column":15},"end":{"line":27,"column":16}},"loc":{"start":{"line":27,"column":21},"end":{"line":29,"column":5}},"line":27}},"branchMap":{"0":{"loc":{"start":{"line":16,"column":56},"end":{"line":16,"column":64}},"type":"default-arg","locations":[{"start":{"line":16,"column":62},"end":{"line":16,"column":64}}],"line":16},"1":{"loc":{"start":{"line":17,"column":27},"end":{"line":17,"column":45}},"type":"binary-expr","locations":[{"start":{"line":17,"column":27},"end":{"line":17,"column":37}},{"start":{"line":17,"column":41},"end":{"line":17,"column":45}}],"line":17}},"s":{"0":0,"1":0,"2":0,"3":0,"4":0,"5":0,"6":0,"7":0,"8":0,"9":0,"10":0,"11":0,"12":0,"13":0,"14":0},"f":{"0":0,"1":0,"2":0,"3":0,"4":0,"5":0,"6":0,"7":0,"8":0,"9":0},"b":{"0":[0],"1":[0,0]}}
[...]
:{"line":101,"column":51}}],"line":101},"5":{"loc":{"start":{"line":102,"column":16},"end":{"line":102,"column":48}},"type":"cond-expr","locations":[{"start":{"line":102,"column":29},"end":{"line":102,"column":39}},{"start":{"line":102,"column":42},"end":{"line":102,"column":48}}],"line":102},"6":{"loc":{"start":{"line":103,"column":17},"end":{"line":103,"column":37}},"type":"cond-expr","locations":[{"start":{"line":103,"column":30},"end":{"line":103,"column":33}},{"start":{"line":103,"column":36},"end":{"line":103,"column":37}}],"line":103},"7":{"loc":{"start":{"line":153,"column":18},"end":{"line":153,"column":80}},"type":"cond-expr","locations":[{"start":{"line":153,"column":27},"end":{"line":153,"column":54}},{"start":{"line":153,"column":57},"end":{"line":153,"column":80}}],"line":153},"8":{"loc":{"start":{"line":154,"column":13},"end":{"line":154,"column":35}},"type":"cond-expr","locations":[{"start":{"line":154,"column":22},"end":{"line":154,"column":27}},{"start":{"line":154,"column":30},"end":{"line":154,"column":35}}],"line":154},"9":{"loc":{"start":{"line":158,"column":9},"end":{"line":166,"column":9}},"type":"cond-expr","locations":[{"start":{"line":159,"column":10},"end":{"line":161,"column":23}},{"start":{"line":163,"column":10},"end":{"line":165,"column":12}}],"line":158},"10":{"loc":{"start":{"line":160,"column":13},"end":{"line":160,"column":46}},"type":"cond-expr","locations":[{"start":{"line":160,"column":22},"end":{"line":160,"column":33}},{"start":{"line":160,"column":36},"end":{"line":160,"column":46}}],"line":160},"11":{"loc":{"start":{"line":192,"column":4},"end":{"line":195,"column":5}},"type":"if","locations":[{"start":{"line":192,"column":4},"end":{"line":195,"column":5}},{"start":{},"end":{}}],"line":192},"12":{"loc":{"start":{"line":196,"column":4},"end":{"line":199,"column":5}},"type":"if","locations":[{"start":{"line":196,"column":4},"end":{"line":199,"column":5}},{"start":{},"end":{}}],"line":196},"13":{"loc":{"start":{"line":205,"column":21},"end":{"line":205,"column":47}},"type":"binary-expr","locations":[{"start":{"line":205,"column":21},"end":{"line":205,"column":39}},{"start":{"line":205,"column":43},"end":{"line":205,"column":47}}],"line":205},"14":{"loc":{"start":{"line":265,"column":19},"end":{"line":265,"column":37}},"type":"binary-expr","locations":[{"start":{"line":265,"column":19},"end":{"line":265,"column":29}},{"start":{"line":265,"column":33},"end":{"line":265,"column":37}}],"line":265},"15":{"loc":{"start":{"line":266,"column":21},"end":{"line":266,"column":39}},"type":"binary-expr","locations":[{"start":{"line":266,"column":21},"end":{"line":266,"column":31}},{"start":{"line":266,"column":35},"end":{"line":266,"column":39}}],"line":266},"16":{"loc":{"start":{"line":269,"column":15},"end":{"line":269,"column":39}},"type":"binary-expr","locations":[{"start":{"line":269,"column":15},"end":{"line":269,"column":28}},{"start":{"line":269,"column":32},"end":{"line":269,"column":39}}],"line":269},"17":{"loc":{"start":{"line":273,"column":9},"end":{"line":273,"column":97}},"type":"binary-expr","locations":[{"start":{"line":273,"column":9},"end":{"line":273,"column":14}},{"start":{"line":273,"column":18},"end":{"line":273,"column":97}}],"line":273},"18":{"loc":{"start":{"line":286,"column":11},"end":{"line":286,"column":51}},"type":"cond-expr","locations":[{"start":{"line":286,"column":24},"end":{"line":286,"column":35}},{"start":{"line":286,"column":38},"end":{"line":286,"column":51}}],"line":286},"19":{"loc":{"start":{"line":308,"column":4},"end":{"line":311,"column":5}},"type":"if","locations":[{"start":{"line":308,"column":4},"end":{"line":311,"column":5}},{"start":{},"end":{}}],"line":308},"20":{"loc":{"start":{"line":308,"column":8},"end":{"line":308,"column":40}},"type":"binary-expr","locations":[{"start":{"line":308,"column":8},"end":{"line":308,"column":14}},{"start":{"line":308,"column":18},"end":{"line":308,"column":28}},{"start":{"line":308,"column":32},"end":{"line":308,"column":40}}],"line":308},"21":{"loc":{"start":{"line":312,"column":4},"end":{"line":315,"column":5}},"type":"if","locations":[{"start":{"line":312,"column":4},"end":{"line":315,"column":5}},{"start":{},"end":{}}],"line":312},"22":{"loc":{"start":{"line":321,"column":52},"end":{"line":321,"column":71}},"type":"binary-expr","locations":[{"start":{"line":321,"column":52},"end":{"line":321,"column":63}},{"start":{"line":321,"column":67},"end":{"line":321,"column":71}}],"line":321},"23":{"loc":{"start":{"line":344,"column":9},"end":{"line":348,"column":9}},"type":"binary-expr","locations":[{"start":{"line":344,"column":9},"end":{"line":344,"column":18}},{"start":{"line":345,"column":10},"end":{"line":347,"column":23}}],"line":344},"24":{"loc":{"start":{"line":369,"column":9},"end":{"line":369,"column":97}},"type":"binary-expr","locations":[{"start":{"line":369,"column":9},"end":{"line":369,"column":14}},{"start":{"line":369,"column":18},"end":{"line":369,"column":97}}],"line":369},"25":{"loc":{"start":{"line":382,"column":11},"end":{"line":382,"column":45}},"type":"cond-expr","locations":[{"start":{"line":382,"column":24},"end":{"line":382,"column":33}},{"start":{"line":382,"column":36},"end":{"line":382,"column":45}}],"line":382},"26":{"loc":{"start":{"line":392,"column":2},"end":{"line":392,"column":14}},"type":"default-arg","locations":[{"start":{"line":392,"column":12},"end":{"line":392,"column":14}}],"line":392},"27":{"loc":{"start":{"line":408,"column":18},"end":{"line":408,"column":63}},"type":"binary-expr","locations":[{"start":{"line":408,"column":18},"end":{"line":408,"column":55}},{"start":{"line":408,"column":59},"end":{"line":408,"column":63}}],"line":408},"28":{"loc":{"start":{"line":412,"column":14},"end":{"line":412,"column":30}},"type":"binary-expr","locations":[{"start":{"line":412,"column":14},"end":{"line":412,"column":22}},{"start":{"line":412,"column":26},"end":{"line":412,"column":30}}],"line":412},"29":{"loc":{"start":{"line":418,"column":4},"end":{"line":418,"column":22}},"type":"if","locations":[{"start":{"line":418,"column":4},"end":{"line":418,"column":22}},{"start":{},"end":{}}],"line":418},"30":{"loc":{"start":{"line":421,"column":4},"end":{"line":421,"column":51}},"type":"if","locations":[{"start":{"line":421,"column":4},"end":{"line":421,"column":51}},{"start":{},"end":{}}],"line":421},"31":{"loc":{"start":{"line":421,"column":8},"end":{"line":421,"column":42}},"type":"binary-expr","locations":[{"start":{"line":421,"column":8},"end":{"line":421,"column":13}},{"start":{"line":421,"column":17},"end":{"line":421,"column":42}}],"line":421},"32":{"loc":{"start":{"line":422,"column":24},"end":{"line":422,"column":71}},"type":"binary-expr","locations":[{"start":{"line":422,"column":24},"end":{"line":422,"column":42}},{"start":{"line":422,"column":46},"end":{"line":422,"column":63}},{"start":{"line":422,"column":67},"end":{"line":422,"column":71}}],"line":422},"33":{"loc":{"start":{"line":423,"column":4},"end":{"line":427,"column":5}},"type":"if","locations":[{"start":{"line":423,"column":4},"end":{"line":427,"column":5}},{"start":{"line":425,"column":11},"end":{"line":427,"column":5}}],"line":423},"34":{"loc":{"start":{"line":431,"column":4},"end":{"line":431,"column":31}},"type":"if","locations":[{"start":{"line":431,"column":4},"end":{"line":431,"column":31}},{"start":{},"end":{}}],"line":431},"35":{"loc":{"start":{"line":487,"column":13},"end":{"line":498,"column":13}},"type":"binary-expr","locations":[{"start":{"line":487,"column":13},"end":{"line":487,"column":41}},{"start":{"line":488,"column":14},"end":{"line":497,"column":20}}],"line":487},"36":{"loc":{"start":{"line":537,"column":11},"end":{"line":550,"column":11}},"type":"binary-expr","locations":[{"start":{"line":537,"column":11},"end":{"line":537,"column":21}},{"start":{"line":538,"column":12},"end":{"line":549,"column":19}}],"line":537}},"s":{"0":1,"1":1,"2":1,"3":22,"4":0,"5":22,"6":22,"7":50,"8":50,"9":50,"10":50,"11":50,"12":1,"13":44,"14":44,"15":44,"16":50,"17":1,"18":11,"19":11,"20":11,"21":11,"22":11,"23":11,"24":11,"25":0,"26":0,"27":0,"28":0,"29":0,"30":0,"31":11,"32":0,"33":0,"34":0,"35":0,"36":0,"37":0,"38":0,"39":0,"40":0,"41":0,"42":0,"43":0,"44":0,"45":11,"46":0,"47":0,"48":0,"49":33,"50":0,"51":22,"52":13,"53":13,"54":13,"55":13,"56":13,"57":2,"58":2,"59":2,"60":2,"61":13,"62":1,"63":1,"64":0,"65":0,"66":1,"67":0,"68":0,"69":1,"70":1,"71":1,"72":1,"73":1,"74":1,"75":0,"76":1,"77":13,"78":1,"79":0,"80":11,"81":11,"82":11,"83":11,"84":11,"85":11,"86":0,"87":0,"88":11,"89":0,"90":11,"91":3,"92":3,"93":3,"94":0,"95":3,"96":3,"97":3,"98":3,"99":0,"100":3,"101":3,"102":3,"103":0,"104":11,"105":1,"106":0,"107":1,"108":1,"109":1,"110":1,"111":11,"112":2,"113":11,"114":0,"115":44,"116":200,"117":0},"f":{"0":22,"1":50,"2":50,"3":50,"4":1,"5":44,"6":50,"7":11,"8":0,"9":0,"10":0,"11":0,"12":0,"13":33,"14":0,"15":22,"16":13,"17":2,"18":1,"19":1,"20":0,"21":11,"22":0,"23":0,"24":0,"25":3,"26":3,"27":1,"28":2,"29":0,"30":44,"31":200,"32":0},"b":{"0":[0,22],"1":[50,0],"2":[1,1],"3":[0,50],"4":[0,50],"5":[0,50],"6":[0,50],"7":[0,44],"8":[0,44],"9":[4,40],"10":[0,4],"11":[0,0],"12":[0,0],"13":[0,0],"14":[22,0],"15":[22,0],"16":[22,0],"17":[11,0],"18":[0,11],"19":[0,1],"20":[1,1,1],"21":[0,1],"22":[1,1],"23":[13,5],"24":[13,0],"25":[1,12],"26":[0],"27":[0,0],"28":[0,0],"29":[0,3],"30":[0,3],"31":[3,3],"32":[3,3,0],"33":[3,0],"34":[0,1],"35":[11,11],"36":[11,0]},"_coverageSchema":"1a1c01bbd47fc00a2c39e90264f33305004495a9","hash":"7c5ac8ba9f1c8dcb07f8aa7fe9a433859ce7f436"}
,"/Users/jozefhdez/Desktop/Dev/Projects/oracle-pm-project/MtdrSpring/backend/src/main/frontend/src/views/tasks/TaskDetailView.jsx": {"path":"/Users/jozefhdez/Desktop/Dev/Projects/oracle-pm-project/MtdrSpring/backend/src/main/frontend/src/views/tasks/TaskDetailView.jsx","statementMap":{"0":{"start":{"line":4,"column":22},"end":{"line":4,"column":31}},"1":{"start":{"line":6,"column":21},"end":{"line":11,"column":1}},"2":{"start":{"line":13,"column":23},"end":{"line":17,"column":1}},"3":{"start":{"line":20,"column":2},"end":{"line":20,"column":21}},"4":{"start":{"line":20,"column":10},"end":{"line":20,"column":21}},"5":{"start":{"line":21,"column":2},"end":{"line":21,"column":48}},"6":{"start":{"line":25,"column":2},"end":{"line":25,"column":23}},"7":{"start":{"line":25,"column":12},"end":{"line":25,"column":23}},"8":{"start":{"line":26,"column":12},"end":{"line":26,"column":25}},"9":{"start":{"line":27,"column":2},"end":{"line":27,"column":92}},"10":{"start":{"line":31,"column":2},"end":{"line":31,"column":23}},"11":{"start":{"line":31,"column":12},"end":{"line":31,"column":23}},"12":{"start":{"line":32,"column":12},"end":{"line":32,"column":25}},"13":{"start":{"line":33,"column":2},"end":{"line":37,"column":4}},"14":{"start":{"line":41,"column":2},"end":{"line":48,"column":4}},"15":{"start":{"line":52,"column":2},"end":{"line":56,"column":4}},"16":{"start":{"line":60,"column":2},"end":{"line":67,"column":4}},"17":{"start":{"line":71,"column":2},"end":{"line":75,"column":3}},"18":{"start":{"line":72,"column":4},"end":{"line":74,"column":6}},"19":{"start":{"line":76,"column":2},"end":{"line":121,"column":4}},"20":{"start":{"line":79,"column":26},"end":{"line":83,"column":9}},"21":{"start":{"line":84,"column":24},"end":{"line":88,"column":9}},"22":{"start":{"line":89,"column":8},"end":{"line":118,"column":10}},"23":{"start":{"line":125,"column":16},"end":{"line":125,"column":72}},"24":{"start":{"line":125,"column":38},"end":{"line":125,"column":68}},"25":{"start":{"line":127,"column":2},"end":{"line":201,"column":4}},"26":{"start":{"line":163,"column":12},"end":{"line":196,"column":19}},"27":{"start":{"line":207,"column":22},"end":{"line":207,"column":69}},"28":{"start":{"line":208,"column":24},"end":{"line":208,"column":79}},"29":{"start":{"line":210,"column":2},"end":{"line":382,"column":4}}},"fnMap":{"0":{"name":"formatPriority","decl":{"start":{"line":19,"column":9},"end":{"line":19,"column":23}},"loc":{"start":{"line":19,"column":27},"end":{"line":22,"column":1}},"line":19},"1":{"name":"formatDate","decl":{"start":{"line":24,"column":9},"end":{"line":24,"column":19}},"loc":{"start":{"line":24,"column":25},"end":{"line":28,"column":1}},"line":24},"2":{"name":"formatDateTime","decl":{"start":{"line":30,"column":9},"end":{"line":30,"column":23}},"loc":{"start":{"line":30,"column":29},"end":{"line":38,"column":1}},"line":30},"3":{"name":"SectionTitle","decl":{"start":{"line":40,"column":9},"end":{"line":40,"column":21}},"loc":{"start":{"line":40,"column":60},"end":{"line":49,"column":1}},"line":40},"4":{"name":"Badge","decl":{"start":{"line":51,"column":9},"end":{"line":51,"column":14}},"loc":{"start":{"line":51,"column":42},"end":{"line":57,"column":1}},"line":51},"5":{"name":"MetaRow","decl":{"start":{"line":59,"column":9},"end":{"line":59,"column":16}},"loc":{"start":{"line":59,"column":38},"end":{"line":68,"column":1}},"line":59},"6":{"name":"HistoryTimeline","decl":{"start":{"line":70,"column":9},"end":{"line":70,"column":24}},"loc":{"start":{"line":70,"column":38},"end":{"line":122,"column":1}},"line":70},"7":{"name":"(anonymous_7)","decl":{"start":{"line":78,"column":19},"end":{"line":78,"column":20}},"loc":{"start":{"line":78,"column":29},"end":{"line":119,"column":7}},"line":78},"8":{"name":"WorkLogSection","decl":{"start":{"line":124,"column":9},"end":{"line":124,"column":23}},"loc":{"start":{"line":124,"column":34},"end":{"line":202,"column":1}},"line":124},"9":{"name":"(anonymous_9)","decl":{"start":{"line":125,"column":28},"end":{"line":125,"column":29}},"loc":{"start":{"line":125,"column":38},"end":{"line":125,"column":68}},"line":125},"10":{"name":"(anonymous_10)","decl":{"start":{"line":162,"column":20},"end":{"line":162,"column":21}},"loc":{"start":{"line":163,"column":12},"end":{"line":196,"column":19}},"line":163},"11":{"name":"TaskDetailView","decl":{"start":{"line":206,"column":24},"end":{"line":206,"column":38}},"loc":{"start":{"line":206,"column":72},"end":{"line":383,"column":1}},"line":206}},"branchMap":{"0":{"loc":{"start":{"line":20,"column":2},"end":{"line":20,"column":21}},"type":"if","locations":[{"start":{"line":20,"column":2},"end":{"line":20,"column":21}},{"start":{},"end":{}}],"line":20},"1":{"loc":{"start":{"line":25,"column":2},"end":{"line":25,"column":23}},"type":"if","locations":[{"start":{"line":25,"column":2},"end":{"line":25,"column":23}},{"start":{},"end":{}}],"line":25},"2":{"loc":{"start":{"line":31,"column":2},"end":{"line":31,"column":23}},"type":"if","locations":[{"start":{"line":31,"column":2},"end":{"line":31,"column":23}},{"start":{},"end":{}}],"line":31},"3":{"loc":{"start":{"line":40,"column":34},"end":{"line":40,"column":56}},"type":"default-arg","locations":[{"start":{"line":40,"column":43},"end":{"line":40,"column":56}}],"line":40},"4":{"loc":{"start":{"line":71,"column":2},"end":{"line":75,"column":3}},"type":"if","locations":[{"start":{"line":71,"column":2},"end":{"line":75,"column":3}},{"start":{},"end":{}}],"line":71},"5":{"loc":{"start":{"line":79,"column":26},"end":{"line":83,"column":9}},"type":"binary-expr","locations":[{"start":{"line":79,"column":26},"end":{"line":79,"column":52}},{"start":{"line":79,"column":56},"end":{"line":83,"column":9}}],"line":79},"6":{"loc":{"start":{"line":82,"column":17},"end":{"line":82,"column":36}},"type":"binary-expr","locations":[{"start":{"line":82,"column":17},"end":{"line":82,"column":29}},{"start":{"line":82,"column":33},"end":{"line":82,"column":36}}],"line":82},"7":{"loc":{"start":{"line":84,"column":24},"end":{"line":88,"column":9}},"type":"binary-expr","locations":[{"start":{"line":84,"column":24},"end":{"line":84,"column":48}},{"start":{"line":84,"column":52},"end":{"line":88,"column":9}}],"line":84},"8":{"loc":{"start":{"line":91,"column":13},"end":{"line":91,"column":91}},"type":"binary-expr","locations":[{"start":{"line":91,"column":13},"end":{"line":91,"column":18}},{"start":{"line":91,"column":22},"end":{"line":91,"column":91}}],"line":91},"9":{"loc":{"start":{"line":114,"column":17},"end":{"line":114,"column":64}},"type":"binary-expr","locations":[{"start":{"line":114,"column":17},"end":{"line":114,"column":35}},{"start":{"line":114,"column":39},"end":{"line":114,"column":64}}],"line":114},"10":{"loc":{"start":{"line":125,"column":49},"end":{"line":125,"column":67}},"type":"binary-expr","locations":[{"start":{"line":125,"column":49},"end":{"line":125,"column":62}},{"start":{"line":125,"column":66},"end":{"line":125,"column":67}}],"line":125},"11":{"loc":{"start":{"line":138,"column":9},"end":{"line":155,"column":9}},"type":"binary-expr","locations":[{"start":{"line":138,"column":9},"end":{"line":138,"column":24}},{"start":{"line":139,"column":10},"end":{"line":154,"column":16}}],"line":138},"12":{"loc":{"start":{"line":158,"column":7},"end":{"line":199,"column":7}},"type":"cond-expr","locations":[{"start":{"line":159,"column":8},"end":{"line":159,"column":100}},{"start":{"line":161,"column":8},"end":{"line":198,"column":14}}],"line":158},"13":{"loc":{"start":{"line":182,"column":21},"end":{"line":182,"column":47}},"type":"binary-expr","locations":[{"start":{"line":182,"column":21},"end":{"line":182,"column":34}},{"start":{"line":182,"column":38},"end":{"line":182,"column":47}}],"line":182},"14":{"loc":{"start":{"line":184,"column":19},"end":{"line":188,"column":19}},"type":"binary-expr","locations":[{"start":{"line":184,"column":19},"end":{"line":184,"column":25}},{"start":{"line":185,"column":20},"end":{"line":187,"column":33}}],"line":184},"15":{"loc":{"start":{"line":207,"column":22},"end":{"line":207,"column":69}},"type":"binary-expr","locations":[{"start":{"line":207,"column":22},"end":{"line":207,"column":48}},{"start":{"line":207,"column":52},"end":{"line":207,"column":69}}],"line":207},"16":{"loc":{"start":{"line":208,"column":24},"end":{"line":208,"column":79}},"type":"binary-expr","locations":[{"start":{"line":208,"column":24},"end":{"line":208,"column":54}},{"start":{"line":208,"column":58},"end":{"line":208,"column":79}}],"line":208},"17":{"loc":{"start":{"line":247,"column":7},"end":{"line":251,"column":7}},"type":"binary-expr","locations":[{"start":{"line":247,"column":7},"end":{"line":247,"column":24}},{"start":{"line":248,"column":8},"end":{"line":250,"column":21}}],"line":247},"18":{"loc":{"start":{"line":334,"column":19},"end":{"line":334,"column":56}},"type":"binary-expr","locations":[{"start":{"line":334,"column":19},"end":{"line":334,"column":40}},{"start":{"line":334,"column":44},"end":{"line":334,"column":56}}],"line":334},"19":{"loc":{"start":{"line":344,"column":15},"end":{"line":350,"column":15}},"type":"binary-expr","locations":[{"start":{"line":344,"column":15},"end":{"line":344,"column":40}},{"start":{"line":345,"column":16},"end":{"line":349,"column":26}}],"line":344},"20":{"loc":{"start":{"line":352,"column":15},"end":{"line":358,"column":15}},"type":"binary-expr","locations":[{"start":{"line":352,"column":15},"end":{"line":352,"column":32}},{"start":{"line":353,"column":16},"end":{"line":357,"column":26}}],"line":352},"21":{"loc":{"start":{"line":360,"column":15},"end":{"line":376,"column":15}},"type":"binary-expr","locations":[{"start":{"line":360,"column":15},"end":{"line":360,"column":36}},{"start":{"line":361,"column":16},"end":{"line":375,"column":26}}],"line":360}},"s":{"0":1,"1":1,"2":1,"3":16,"4":0,"5":16,"6":25,"7":0,"8":25,"9":25,"10":4,"11":0,"12":4,"13":4,"14":24,"15":40,"16":48,"17":8,"18":6,"19":2,"20":4,"21":4,"22":4,"23":8,"24":1,"25":8,"26":1,"27":8,"28":8,"29":8},"f":{"0":16,"1":25,"2":4,"3":24,"4":40,"5":48,"6":8,"7":4,"8":8,"9":1,"10":1,"11":8},"b":{"0":[0,16],"1":[0,25],"2":[0,4],"3":[8],"4":[6,2],"5":[4,0],"6":[0,0],"7":[4,0],"8":[4,2],"9":[4,4],"10":[1,0],"11":[8,1],"12":[7,1],"13":[1,0],"14":[1,1],"15":[8,0],"16":[8,0],"17":[8,8],"18":[8,0],"19":[8,8],"20":[8,8],"21":[8,0]},"_coverageSchema":"1a1c01bbd47fc00a2c39e90264f33305004495a9","hash":"1841b7e103cc326162feb237daf61267f9aa59ea"}
}
