TN:
SF:src/API.js
FNF:0
FNH:0
DA:19,0
LF:1
LH:0
BRF:0
BRH:0
end_of_record
TN:
SF:src/App.js
FN:31,RootRedirect
FN:37,RequireProject
FN:42,RequireAuth
FN:47,(anonymous_3)
FN:49,(anonymous_4)
FN:65,ProtectedAppRoutes
FN:119,App
FNF:7
FNH:0
FNDA:0,RootRedirect
FNDA:0,RequireProject
FNDA:0,RequireAuth
FNDA:0,(anonymous_3)
FNDA:0,(anonymous_4)
FNDA:0,ProtectedAppRoutes
FNDA:0,App
DA:21,0
DA:32,0
DA:33,0
DA:38,0
DA:39,0
DA:43,0
DA:47,0
DA:49,0
DA:50,0
DA:51,0
DA:54,0
DA:55,0
DA:58,0
DA:59,0
DA:62,0
DA:66,0
DA:120,0
LF:17
LH:0
BRDA:33,0,0,0
BRDA:33,0,1,0
BRDA:39,1,0,0
BRDA:39,1,1,0
BRDA:47,2,0,0
BRDA:47,2,1,0
BRDA:47,2,2,0
BRDA:50,3,0,0
BRDA:50,3,1,0
BRDA:50,3,2,0
BRDA:54,4,0,0
BRDA:54,4,1,0
BRDA:54,5,0,0
BRDA:54,5,1,0
BRDA:58,6,0,0
BRDA:58,6,1,0
BRDA:62,7,0,0
BRDA:62,7,1,0
BRF:18
BRH:0
end_of_record
TN:
SF:src/NewItem.js
FN:15,NewItem
FN:17,handleSubmit
FN:27,handleChange
FN:42,(anonymous_3)
FNF:4
FNH:0
FNDA:0,NewItem
FNDA:0,handleSubmit
FNDA:0,handleChange
FNDA:0,(anonymous_3)
DA:16,0
DA:19,0
DA:20,0
DA:23,0
DA:24,0
DA:25,0
DA:28,0
DA:30,0
DA:43,0
DA:44,0
LF:10
LH:0
BRDA:19,0,0,0
BRDA:19,0,1,0
BRDA:43,1,0,0
BRDA:43,1,1,0
BRDA:53,2,0,0
BRDA:53,2,1,0
BRDA:56,3,0,0
BRDA:56,3,1,0
BRF:8
BRH:0
end_of_record
TN:
SF:src/theme.js
FNF:0
FNH:0
DA:3,0
LF:1
LH:0
BRF:0
BRH:0
end_of_record
TN:
SF:src/auth/authConfig.js
FNF:0
FNH:0
DA:1,0
LF:1
LH:0
BRF:0
BRH:0
end_of_record
TN:
SF:src/constants/taskEnums.js
FNF:0
FNH:0
DA:1,0
DA:8,0
LF:2
LH:0
BRF:0
BRH:0
end_of_record
TN:
SF:src/controllers/AuthView.jsx
FN:10,AuthCallbackRoute
FN:13,(anonymous_1)
FN:40,AuthView
FN:114,(anonymous_3)
FNF:4
FNH:0
FNDA:0,AuthCallbackRoute
FNDA:0,(anonymous_1)
FNDA:0,AuthView
FNDA:0,(anonymous_3)
DA:5,0
DA:6,0
DA:7,0
DA:8,0
DA:11,0
DA:13,0
DA:15,0
DA:16,0
DA:27,0
DA:28,0
DA:31,0
DA:41,0
DA:43,0
DA:44,0
DA:47,0
DA:114,0
LF:16
LH:0
BRDA:15,0,0,0
BRDA:15,0,1,0
BRDA:27,1,0,0
BRDA:27,1,1,0
BRDA:43,2,0,0
BRDA:43,2,1,0
BRDA:108,3,0,0
BRDA:108,3,1,0
BRDA:126,4,0,0
BRDA:126,4,1,0
BRF:10
BRH:0
end_of_record
TN:
SF:src/controllers/DashboardController.jsx
FN:10,pickActiveSprint
FN:12,(anonymous_1)
FN:15,(anonymous_2)
FN:18,DashboardController
FN:27,(anonymous_4)
FN:33,(anonymous_5)
FN:34,(anonymous_6)
FN:35,(anonymous_7)
FN:36,(anonymous_8)
FN:49,(anonymous_9)
FN:56,(anonymous_10)
FN:57,(anonymous_11)
FN:58,(anonymous_12)
FN:59,(anonymous_13)
FN:64,(anonymous_14)
FN:66,(anonymous_15)
FN:79,(anonymous_16)
FNF:17
FNH:0
FNDA:0,pickActiveSprint
FNDA:0,(anonymous_1)
FNDA:0,(anonymous_2)
FNDA:0,DashboardController
FNDA:0,(anonymous_4)
FNDA:0,(anonymous_5)
FNDA:0,(anonymous_6)
FNDA:0,(anonymous_7)
FNDA:0,(anonymous_8)
FNDA:0,(anonymous_9)
FNDA:0,(anonymous_10)
FNDA:0,(anonymous_11)
FNDA:0,(anonymous_12)
FNDA:0,(anonymous_13)
FNDA:0,(anonymous_14)
FNDA:0,(anonymous_15)
FNDA:0,(anonymous_16)
DA:11,0
DA:12,0
DA:13,0
DA:15,0
DA:19,0
DA:20,0
DA:21,0
DA:23,0
DA:24,0
DA:26,0
DA:27,0
DA:28,0
DA:30,0
DA:31,0
DA:33,0
DA:34,0
DA:35,0
DA:36,0
DA:37,0
DA:38,0
DA:39,0
DA:49,0
DA:50,0
DA:51,0
DA:56,0
DA:57,0
DA:58,0
DA:59,0
DA:64,0
DA:65,0
DA:66,0
DA:69,0
DA:70,0
DA:72,0
DA:79,0
LF:35
LH:0
BRDA:10,0,0,0
BRDA:11,1,0,0
BRDA:11,1,1,0
BRDA:13,2,0,0
BRDA:13,2,1,0
BRDA:23,3,0,0
BRDA:23,3,1,0
BRDA:24,4,0,0
BRDA:24,4,1,0
BRDA:26,5,0,0
BRDA:28,6,0,0
BRDA:28,6,1,0
BRDA:30,7,0,0
BRDA:37,8,0,0
BRDA:37,8,1,0
BRDA:38,9,0,0
BRDA:38,9,1,0
BRDA:41,10,0,0
BRDA:41,10,1,0
BRDA:50,11,0,0
BRDA:50,11,1,0
BRDA:50,12,0,0
BRDA:50,12,1,0
BRDA:55,13,0,0
BRDA:55,13,1,0
BRDA:55,13,2,0
BRDA:65,14,0,0
BRDA:65,14,1,0
BRDA:69,15,0,0
BRDA:69,15,1,0
BRDA:70,16,0,0
BRDA:70,16,1,0
BRDA:70,16,2,0
BRF:33
BRH:0
end_of_record
TN:
SF:src/controllers/KanbanBoardController.jsx
FN:11,pickDefaultSprint
FN:14,(anonymous_1)
FN:15,(anonymous_2)
FN:20,KanbanBoardController
FN:25,(anonymous_4)
FN:32,(anonymous_5)
FN:38,(anonymous_6)
FN:46,(anonymous_7)
FN:48,(anonymous_8)
FN:62,(anonymous_9)
FNF:10
FNH:0
FNDA:0,pickDefaultSprint
FNDA:0,(anonymous_1)
FNDA:0,(anonymous_2)
FNDA:0,KanbanBoardController
FNDA:0,(anonymous_4)
FNDA:0,(anonymous_5)
FNDA:0,(anonymous_6)
FNDA:0,(anonymous_7)
FNDA:0,(anonymous_8)
FNDA:0,(anonymous_9)
DA:9,0
DA:12,0
DA:13,0
DA:14,0
DA:15,0
DA:21,0
DA:22,0
DA:23,0
DA:25,0
DA:27,0
DA:28,0
DA:29,0
DA:32,0
DA:33,0
DA:34,0
DA:38,0
DA:39,0
DA:40,0
DA:41,0
DA:42,0
DA:43,0
DA:46,0
DA:48,0
DA:49,0
DA:50,0
DA:53,0
DA:62,0
LF:27
LH:0
BRDA:12,0,0,0
BRDA:12,0,1,0
BRDA:14,1,0,0
BRDA:14,1,1,0
BRDA:14,1,2,0
BRDA:25,2,0,0
BRDA:25,2,1,0
BRDA:27,3,0,0
BRDA:28,4,0,0
BRDA:29,5,0,0
BRDA:39,6,0,0
BRDA:39,6,1,0
BRDA:39,7,0,0
BRDA:39,7,1,0
BRDA:41,8,0,0
BRDA:41,8,1,0
BRDA:60,9,0,0
BRDA:60,9,1,0
BRF:18
BRH:0
end_of_record
TN:
SF:src/controllers/KpiDashboardController.jsx
FN:13,pickDefaultSprint
FN:16,(anonymous_1)
FN:17,(anonymous_2)
FN:22,KpiDashboardController
FN:25,(anonymous_4)
FN:36,(anonymous_5)
FN:38,(anonymous_6)
FN:43,(anonymous_7)
FN:48,(anonymous_8)
FN:51,(anonymous_9)
FN:57,(anonymous_10)
FN:66,(anonymous_11)
FNF:12
FNH:0
FNDA:0,pickDefaultSprint
FNDA:0,(anonymous_1)
FNDA:0,(anonymous_2)
FNDA:0,KpiDashboardController
FNDA:0,(anonymous_4)
FNDA:0,(anonymous_5)
FNDA:0,(anonymous_6)
FNDA:0,(anonymous_7)
FNDA:0,(anonymous_8)
FNDA:0,(anonymous_9)
FNDA:0,(anonymous_10)
FNDA:0,(anonymous_11)
DA:11,0
DA:14,0
DA:15,0
DA:16,0
DA:17,0
DA:23,0
DA:24,0
DA:25,0
DA:27,0
DA:28,0
DA:29,0
DA:31,0
DA:33,0
DA:35,0
DA:36,0
DA:38,0
DA:43,0
DA:48,0
DA:51,0
DA:52,0
DA:53,0
DA:57,0
DA:58,0
DA:59,0
DA:60,0
DA:61,0
DA:62,0
DA:66,0
DA:67,0
DA:68,0
DA:71,0
LF:31
LH:0
BRDA:14,0,0,0
BRDA:14,0,1,0
BRDA:16,1,0,0
BRDA:16,1,1,0
BRDA:16,1,2,0
BRDA:25,2,0,0
BRDA:25,2,1,0
BRDA:27,3,0,0
BRDA:29,4,0,0
BRDA:29,4,1,0
BRDA:32,5,0,0
BRDA:45,6,0,0
BRDA:45,6,1,0
BRDA:48,7,0,0
BRDA:48,7,1,0
BRDA:58,8,0,0
BRDA:58,8,1,0
BRDA:58,9,0,0
BRDA:58,9,1,0
BRDA:60,10,0,0
BRDA:60,10,1,0
BRDA:76,11,0,0
BRDA:76,11,1,0
BRDA:79,12,0,0
BRDA:79,12,1,0
BRDA:80,13,0,0
BRDA:80,13,1,0
BRDA:80,13,2,0
BRF:28
BRH:0
end_of_record
TN:
SF:src/controllers/ProfileController.jsx
FN:9,ProfileController
FN:28,(anonymous_1)
FN:30,(anonymous_2)
FN:33,(anonymous_3)
FN:51,(anonymous_4)
FNF:5
FNH:0
FNDA:0,ProfileController
FNDA:0,(anonymous_1)
FNDA:0,(anonymous_2)
FNDA:0,(anonymous_3)
FNDA:0,(anonymous_4)
DA:10,0
DA:11,0
DA:12,0
DA:13,0
DA:14,0
DA:15,0
DA:17,0
DA:18,0
DA:20,0
DA:25,0
DA:26,0
DA:28,0
DA:30,0
DA:31,0
DA:32,0
DA:34,0
DA:43,0
DA:51,0
LF:18
LH:0
BRDA:14,0,0,0
BRDA:14,0,1,0
BRDA:14,0,2,0
BRDA:17,1,0,0
BRDA:20,2,0,0
BRDA:20,2,1,0
BRDA:22,3,0,0
BRDA:22,3,1,0
BRDA:28,4,0,0
BRDA:28,4,1,0
BRDA:35,5,0,0
BRDA:35,5,1,0
BRF:12
BRH:0
end_of_record
TN:
SF:src/controllers/ProjectDetailController.jsx
FN:8,ProjectDetailController
FN:26,(anonymous_1)
FN:27,(anonymous_2)
FN:28,(anonymous_3)
FNF:4
FNH:0
FNDA:0,ProjectDetailController
FNDA:0,(anonymous_1)
FNDA:0,(anonymous_2)
FNDA:0,(anonymous_3)
DA:9,0
DA:10,0
DA:12,0
DA:13,0
DA:14,0
DA:15,0
DA:16,0
DA:18,0
DA:20,0
DA:26,0
DA:27,0
DA:28,0
LF:12
LH:0
BRDA:13,0,0,0
BRDA:18,1,0,0
BRDA:18,1,1,0
BRF:3
BRH:0
end_of_record
TN:
SF:src/controllers/ProjectSelectorController.jsx
FN:7,ProjectSelectorController
FN:16,(anonymous_1)
FN:24,(anonymous_2)
FNF:3
FNH:0
FNDA:0,ProjectSelectorController
FNDA:0,(anonymous_1)
FNDA:0,(anonymous_2)
DA:8,0
DA:9,0
DA:10,0
DA:11,0
DA:13,0
DA:14,0
DA:16,0
DA:17,0
DA:18,0
DA:21,0
DA:24,0
LF:11
LH:0
BRDA:10,0,0,0
BRDA:13,1,0,0
BRDA:13,1,1,0
BRDA:14,2,0,0
BRDA:14,2,1,0
BRF:5
BRH:0
end_of_record
TN:
SF:src/controllers/SprintBoardController.jsx
FN:13,SprintBoardController
FN:32,(anonymous_1)
FN:33,(anonymous_2)
FN:34,(anonymous_3)
FN:37,(anonymous_4)
FN:38,(anonymous_5)
FNF:6
FNH:0
FNDA:0,SprintBoardController
FNDA:0,(anonymous_1)
FNDA:0,(anonymous_2)
FNDA:0,(anonymous_3)
FNDA:0,(anonymous_4)
FNDA:0,(anonymous_5)
DA:14,0
DA:15,0
DA:17,0
DA:18,0
DA:19,0
DA:20,0
DA:21,0
DA:22,0
DA:24,0
DA:26,0
DA:32,0
DA:33,0
DA:35,0
DA:37,0
DA:38,0
LF:15
LH:0
BRDA:18,0,0,0
BRDA:19,1,0,0
BRDA:24,2,0,0
BRDA:24,2,1,0
BRDA:24,3,0,0
BRDA:24,3,1,0
BRF:6
BRH:0
end_of_record
TN:
SF:src/controllers/TaskDetailController.jsx
FN:6,TaskDetailController
FN:16,(anonymous_1)
FNF:2
FNH:0
FNDA:0,TaskDetailController
FNDA:0,(anonymous_1)
DA:7,0
DA:8,0
DA:10,0
DA:11,0
DA:12,0
DA:14,0
DA:16,0
LF:7
LH:0
BRDA:11,0,0,0
BRDA:12,1,0,0
BRDA:14,2,0,0
BRDA:14,2,1,0
BRF:4
BRH:0
end_of_record
TN:
SF:src/models/CurrentUserContext.js
FN:8,CurrentUserProvider
FN:30,useCurrentUser
FNF:2
FNH:0
FNDA:0,CurrentUserProvider
FNDA:0,useCurrentUser
DA:6,0
DA:9,0
DA:15,0
DA:23,0
DA:31,0
LF:5
LH:0
BRDA:24,0,0,0
BRDA:24,0,1,0
BRF:2
BRH:0
end_of_record
TN:
SF:src/models/ProjectContext.js
FN:5,loadFromStorage
FN:14,ProjectProvider
FN:17,(anonymous_2)
FN:22,(anonymous_3)
FN:34,(anonymous_4)
FNF:5
FNH:0
FNDA:0,loadFromStorage
FNDA:0,ProjectProvider
FNDA:0,(anonymous_2)
FNDA:0,(anonymous_3)
FNDA:0,(anonymous_4)
DA:3,0
DA:6,0
DA:7,0
DA:8,0
DA:10,0
DA:15,0
DA:17,0
DA:18,0
DA:19,0
DA:22,0
DA:23,0
DA:24,0
DA:27,0
DA:34,0
LF:14
LH:0
BRDA:8,0,0,0
BRDA:8,0,1,0
BRF:2
BRH:0
end_of_record
TN:
SF:src/models/api/client.js
FN:13,setTokenGetter
FN:17,(anonymous_1)
FN:28,setAuthToken
FNF:3
FNH:0
FNDA:0,setTokenGetter
FNDA:0,(anonymous_1)
FNDA:0,setAuthToken
DA:3,0
DA:11,0
DA:14,0
DA:17,0
DA:18,0
DA:19,0
DA:20,0
DA:21,0
DA:24,0
DA:29,0
DA:30,0
DA:32,0
LF:12
LH:0
BRDA:18,0,0,0
BRDA:18,0,1,0
BRDA:20,1,0,0
BRDA:20,1,1,0
BRDA:29,2,0,0
BRDA:29,2,1,0
BRF:6
BRH:0
end_of_record
TN:
SF:src/models/api/kpiApi.js
FN:3,(anonymous_0)
FN:3,(anonymous_1)
FN:5,(anonymous_2)
FN:6,(anonymous_3)
FNF:4
FNH:0
FNDA:0,(anonymous_0)
FNDA:0,(anonymous_1)
FNDA:0,(anonymous_2)
FNDA:0,(anonymous_3)
DA:3,0
DA:5,0
DA:6,0
LF:3
LH:0
BRF:0
BRH:0
end_of_record
TN:
SF:src/models/api/membersApi.js
FN:3,(anonymous_0)
FN:4,(anonymous_1)
FN:5,(anonymous_2)
FN:7,(anonymous_3)
FN:8,(anonymous_4)
FNF:5
FNH:0
FNDA:0,(anonymous_0)
FNDA:0,(anonymous_1)
FNDA:0,(anonymous_2)
FNDA:0,(anonymous_3)
FNDA:0,(anonymous_4)
DA:3,0
DA:4,0
DA:5,0
DA:6,0
DA:7,0
DA:8,0
LF:6
LH:0
BRF:0
BRH:0
end_of_record
TN:
SF:src/models/api/projectsApi.js
FN:3,(anonymous_0)
FN:3,(anonymous_1)
FN:4,(anonymous_2)
FN:4,(anonymous_3)
FN:5,(anonymous_4)
FN:5,(anonymous_5)
FNF:6
FNH:0
FNDA:0,(anonymous_0)
FNDA:0,(anonymous_1)
FNDA:0,(anonymous_2)
FNDA:0,(anonymous_3)
FNDA:0,(anonymous_4)
FNDA:0,(anonymous_5)
DA:3,0
DA:4,0
DA:5,0
LF:3
LH:0
BRF:0
BRH:0
end_of_record
TN:
SF:src/models/api/sprintsApi.js
FN:3,(anonymous_0)
FN:4,(anonymous_1)
FN:5,(anonymous_2)
FN:5,(anonymous_3)
FN:6,(anonymous_4)
FN:7,(anonymous_5)
FN:8,(anonymous_6)
FN:8,(anonymous_7)
FNF:8
FNH:0
FNDA:0,(anonymous_0)
FNDA:0,(anonymous_1)
FNDA:0,(anonymous_2)
FNDA:0,(anonymous_3)
FNDA:0,(anonymous_4)
FNDA:0,(anonymous_5)
FNDA:0,(anonymous_6)
FNDA:0,(anonymous_7)
DA:3,0
DA:4,0
DA:5,0
DA:6,0
DA:7,0
DA:8,0
LF:6
LH:0
BRF:0
BRH:0
end_of_record
TN:
SF:src/models/api/tasksApi.js
FN:3,(anonymous_0)
FN:4,(anonymous_1)
FN:5,(anonymous_2)
FN:5,(anonymous_3)
FN:6,(anonymous_4)
FN:6,(anonymous_5)
FN:7,(anonymous_6)
FN:7,(anonymous_7)
FN:9,(anonymous_8)
FN:10,(anonymous_9)
FN:11,(anonymous_10)
FN:12,(anonymous_11)
FN:13,(anonymous_12)
FN:14,(anonymous_13)
FNF:14
FNH:0
FNDA:0,(anonymous_0)
FNDA:0,(anonymous_1)
FNDA:0,(anonymous_2)
FNDA:0,(anonymous_3)
FNDA:0,(anonymous_4)
FNDA:0,(anonymous_5)
FNDA:0,(anonymous_6)
FNDA:0,(anonymous_7)
FNDA:0,(anonymous_8)
FNDA:0,(anonymous_9)
FNDA:0,(anonymous_10)
FNDA:0,(anonymous_11)
FNDA:0,(anonymous_12)
FNDA:0,(anonymous_13)
DA:3,0
DA:4,0
DA:5,0
DA:6,0
DA:7,0
DA:9,0
DA:10,0
DA:11,0
DA:12,0
DA:13,0
DA:14,0
LF:11
LH:0
BRF:0
BRH:0
end_of_record
TN:
SF:src/models/api/usersApi.js
FN:3,(anonymous_0)
FN:3,(anonymous_1)
FN:4,(anonymous_2)
FN:4,(anonymous_3)
FNF:4
FNH:0
FNDA:0,(anonymous_0)
FNDA:0,(anonymous_1)
FNDA:0,(anonymous_2)
FNDA:0,(anonymous_3)
DA:3,0
DA:4,0
LF:2
LH:0
BRF:0
BRH:0
end_of_record
TN:
SF:src/models/hooks/useDeveloperStats.js
FN:4,(anonymous_0)
FN:7,(anonymous_1)
FNF:2
FNH:0
FNDA:0,(anonymous_0)
FNDA:0,(anonymous_1)
DA:4,0
DA:5,0
DA:7,0
LF:3
LH:0
BRF:0
BRH:0
end_of_record
TN:
SF:src/models/hooks/useKpi.js
FN:4,(anonymous_0)
FN:7,(anonymous_1)
FNF:2
FNH:0
FNDA:0,(anonymous_0)
FNDA:0,(anonymous_1)
DA:4,0
DA:5,0
DA:7,0
LF:3
LH:0
BRF:0
BRH:0
end_of_record
TN:
SF:src/models/hooks/useMembers.js
FN:4,(anonymous_0)
FN:7,(anonymous_1)
FN:11,(anonymous_2)
FN:14,(anonymous_3)
FN:15,(anonymous_4)
FN:16,(anonymous_5)
FN:17,(anonymous_6)
FN:23,(anonymous_7)
FN:26,(anonymous_8)
FN:27,(anonymous_9)
FNF:10
FNH:0
FNDA:0,(anonymous_0)
FNDA:0,(anonymous_1)
FNDA:0,(anonymous_2)
FNDA:0,(anonymous_3)
FNDA:0,(anonymous_4)
FNDA:0,(anonymous_5)
FNDA:0,(anonymous_6)
FNDA:0,(anonymous_7)
FNDA:0,(anonymous_8)
FNDA:0,(anonymous_9)
DA:4,0
DA:5,0
DA:7,0
DA:11,0
DA:12,0
DA:13,0
DA:14,0
DA:16,0
DA:17,0
DA:23,0
DA:24,0
DA:25,0
DA:26,0
DA:28,0
LF:14
LH:0
BRDA:16,0,0,0
BRDA:17,1,0,0
BRDA:17,1,1,0
BRF:3
BRH:0
end_of_record
TN:
SF:src/models/hooks/useProjectRole.js
FN:11,useProjectRole
FN:16,(anonymous_1)
FN:18,(anonymous_2)
FNF:3
FNH:0
FNDA:0,useProjectRole
FNDA:0,(anonymous_1)
FNDA:0,(anonymous_2)
DA:12,0
DA:13,0
DA:14,0
DA:16,0
DA:17,0
DA:18,0
DA:19,0
DA:22,0
LF:8
LH:0
BRDA:14,0,0,0
BRDA:17,1,0,0
BRDA:17,1,1,0
BRDA:17,2,0,0
BRDA:17,2,1,0
BRDA:19,3,0,0
BRDA:19,3,1,0
BRF:7
BRH:0
end_of_record
TN:
SF:src/models/hooks/useProjects.js
FN:4,(anonymous_0)
FN:10,(anonymous_1)
FN:13,(anonymous_2)
FN:16,(anonymous_3)
FN:20,(anonymous_4)
FNF:5
FNH:0
FNDA:0,(anonymous_0)
FNDA:0,(anonymous_1)
FNDA:0,(anonymous_2)
FNDA:0,(anonymous_3)
FNDA:0,(anonymous_4)
DA:4,0
DA:5,0
DA:10,0
DA:11,0
DA:13,0
DA:16,0
DA:17,0
DA:18,0
DA:20,0
LF:9
LH:0
BRF:0
BRH:0
end_of_record
TN:
SF:src/models/hooks/useSprints.js
FN:4,(anonymous_0)
FN:7,(anonymous_1)
FN:11,(anonymous_2)
FN:14,(anonymous_3)
FN:17,(anonymous_4)
FN:20,(anonymous_5)
FN:21,(anonymous_6)
FN:25,(anonymous_7)
FN:28,(anonymous_8)
FN:29,(anonymous_9)
FNF:10
FNH:0
FNDA:0,(anonymous_0)
FNDA:0,(anonymous_1)
FNDA:0,(anonymous_2)
FNDA:0,(anonymous_3)
FNDA:0,(anonymous_4)
FNDA:0,(anonymous_5)
FNDA:0,(anonymous_6)
FNDA:0,(anonymous_7)
FNDA:0,(anonymous_8)
FNDA:0,(anonymous_9)
DA:4,0
DA:5,0
DA:7,0
DA:11,0
DA:12,0
DA:14,0
DA:17,0
DA:18,0
DA:19,0
DA:20,0
DA:21,0
DA:25,0
DA:26,0
DA:27,0
DA:28,0
DA:29,0
LF:16
LH:0
BRF:0
BRH:0
end_of_record
TN:
SF:src/models/hooks/useTasks.js
FN:12,(anonymous_0)
FN:15,(anonymous_1)
FN:19,(anonymous_2)
FN:22,(anonymous_3)
FN:25,(anonymous_4)
FN:28,(anonymous_5)
FN:31,(anonymous_6)
FN:34,(anonymous_7)
FN:37,(anonymous_8)
FN:40,(anonymous_9)
FN:41,(anonymous_10)
FN:47,(anonymous_11)
FN:50,(anonymous_12)
FN:51,(anonymous_13)
FN:57,(anonymous_14)
FN:60,(anonymous_15)
FN:61,(anonymous_16)
FN:67,(anonymous_17)
FN:70,(anonymous_18)
FN:71,(anonymous_19)
FN:74,(anonymous_20)
FN:75,(anonymous_21)
FN:79,(anonymous_22)
FN:82,(anonymous_23)
FNF:24
FNH:0
FNDA:0,(anonymous_0)
FNDA:0,(anonymous_1)
FNDA:0,(anonymous_2)
FNDA:0,(anonymous_3)
FNDA:0,(anonymous_4)
FNDA:0,(anonymous_5)
FNDA:0,(anonymous_6)
FNDA:0,(anonymous_7)
FNDA:0,(anonymous_8)
FNDA:0,(anonymous_9)
FNDA:0,(anonymous_10)
FNDA:0,(anonymous_11)
FNDA:0,(anonymous_12)
FNDA:0,(anonymous_13)
FNDA:0,(anonymous_14)
FNDA:0,(anonymous_15)
FNDA:0,(anonymous_16)
FNDA:0,(anonymous_17)
FNDA:0,(anonymous_18)
FNDA:0,(anonymous_19)
FNDA:0,(anonymous_20)
FNDA:0,(anonymous_21)
FNDA:0,(anonymous_22)
FNDA:0,(anonymous_23)
DA:12,0
DA:13,0
DA:15,0
DA:19,0
DA:20,0
DA:22,0
DA:25,0
DA:26,0
DA:28,0
DA:31,0
DA:32,0
DA:34,0
DA:37,0
DA:38,0
DA:39,0
DA:40,0
DA:42,0
DA:47,0
DA:48,0
DA:49,0
DA:50,0
DA:52,0
DA:57,0
DA:58,0
DA:59,0
DA:60,0
DA:62,0
DA:67,0
DA:68,0
DA:69,0
DA:70,0
DA:72,0
DA:73,0
DA:74,0
DA:75,0
DA:77,0
DA:80,0
DA:83,0
LF:38
LH:0
BRDA:74,0,0,0
BRDA:75,1,0,0
BRDA:75,1,1,0
BRDA:80,2,0,0
BRDA:80,2,1,0
BRF:5
BRH:0
end_of_record
TN:
SF:src/models/hooks/useUsers.js
FN:4,(anonymous_0)
FNF:1
FNH:0
FNDA:0,(anonymous_0)
DA:4,0
DA:5,0
LF:2
LH:0
BRF:0
BRH:0
end_of_record
TN:
SF:src/styles/theme.js
FNF:0
FNH:0
DA:1,3
DA:3,3
DA:15,3
LF:3
LH:3
BRF:0
BRH:0
end_of_record
TN:
SF:src/views/common/Layout.jsx
FN:27,Layout
FN:42,(anonymous_1)
FN:48,(anonymous_2)
FN:56,(anonymous_3)
FN:61,(anonymous_4)
FN:201,(anonymous_5)
FN:206,(anonymous_6)
FNF:7
FNH:0
FNDA:0,Layout
FNDA:0,(anonymous_1)
FNDA:0,(anonymous_2)
FNDA:0,(anonymous_3)
FNDA:0,(anonymous_4)
FNDA:0,(anonymous_5)
FNDA:0,(anonymous_6)
DA:14,0
DA:22,0
DA:23,0
DA:24,0
DA:25,0
DA:28,0
DA:29,0
DA:30,0
DA:31,0
DA:32,0
DA:34,0
DA:36,0
DA:42,0
DA:43,0
DA:48,0
DA:49,0
DA:50,0
DA:52,0
DA:53,0
DA:56,0
DA:57,0
DA:58,0
DA:61,0
DA:62,0
DA:63,0
DA:64,0
DA:67,0
DA:69,0
DA:202,0
DA:203,0
DA:206,0
LF:31
LH:0
BRDA:34,0,0,0
BRDA:34,0,1,0
BRDA:34,0,2,0
BRDA:36,1,0,0
BRDA:36,1,1,0
BRDA:38,2,0,0
BRDA:38,2,1,0
BRDA:43,3,0,0
BRDA:43,3,1,0
BRDA:43,4,0,0
BRDA:43,4,1,0
BRDA:49,5,0,0
BRDA:49,5,1,0
BRDA:50,6,0,0
BRDA:50,6,1,0
BRDA:50,7,0,0
BRDA:50,7,1,0
BRDA:52,8,0,0
BRDA:52,8,1,0
BRDA:52,9,0,0
BRDA:52,9,1,0
BRDA:101,10,0,0
BRDA:101,10,1,0
BRDA:109,11,0,0
BRDA:109,11,1,0
BRDA:152,12,0,0
BRDA:152,12,1,0
BRDA:185,13,0,0
BRDA:185,13,1,0
BRDA:206,14,0,0
BRDA:206,14,1,0
BRDA:223,15,0,0
BRDA:223,15,1,0
BRDA:240,16,0,0
BRDA:240,16,1,0
BRDA:257,17,0,0
BRDA:257,17,1,0
BRF:37
BRH:0
end_of_record
TN:
SF:src/views/dashboard/DashboardView.jsx
FN:28,SectionTitle
FN:42,StatCard
FN:82,SprintProgressBar
FN:84,(anonymous_3)
FN:100,(anonymous_4)
FN:111,ProjectSprintCard
FN:153,TaskItem
FN:200,DashboardView
FN:291,(anonymous_8)
FN:316,(anonymous_9)
FNF:10
FNH:5
FNDA:10,SectionTitle
FNDA:20,StatCard
FNDA:0,SprintProgressBar
FNDA:0,(anonymous_3)
FNDA:0,(anonymous_4)
FNDA:0,ProjectSprintCard
FNDA:2,TaskItem
FNDA:5,DashboardView
FNDA:0,(anonymous_8)
FNDA:2,(anonymous_9)
DA:5,1
DA:7,1
DA:14,1
DA:21,1
DA:29,10
DA:43,20
DA:83,0
DA:84,0
DA:86,0
DA:101,0
DA:112,0
DA:154,2
DA:207,5
DA:292,0
DA:317,2
LF:15
LH:9
BRDA:74,0,0,20
BRDA:74,0,1,15
BRDA:83,1,0,0
BRDA:83,1,1,0
BRDA:89,2,0,0
BRDA:89,2,1,0
BRDA:90,3,0,0
BRDA:90,3,1,0
BRDA:91,4,0,0
BRDA:91,4,1,0
BRDA:92,5,0,0
BRDA:92,5,1,0
BRDA:177,6,0,2
BRDA:177,6,1,0
BRDA:185,7,0,2
BRDA:185,7,1,0
BRDA:189,8,0,2
BRDA:189,8,1,0
BRDA:251,9,0,0
BRDA:251,9,1,5
BRDA:259,10,0,0
BRDA:259,10,1,5
BRDA:265,11,0,0
BRDA:265,11,1,5
BRDA:286,12,0,5
BRDA:286,12,1,0
BRDA:311,13,0,4
BRDA:311,13,1,1
BRF:28
BRH:11
end_of_record
TN:
SF:src/views/kanban/KanbanView.jsx
FN:32,PriorityBadge
FN:52,TaskCard
FN:57,(anonymous_2)
FN:91,UserRow
FN:111,(anonymous_4)
FN:111,(anonymous_5)
FN:125,(anonymous_6)
FN:126,(anonymous_7)
FN:139,(anonymous_8)
FN:150,(anonymous_9)
FN:154,KanbanView
FN:187,(anonymous_11)
FN:205,(anonymous_12)
FN:236,(anonymous_13)
FN:244,(anonymous_14)
FN:246,(anonymous_15)
FN:253,(anonymous_16)
FN:254,(anonymous_17)
FN:255,(anonymous_18)
FNF:19
FNH:16
FNDA:24,PriorityBadge
FNDA:24,TaskCard
FNDA:1,(anonymous_2)
FNDA:12,UserRow
FNDA:0,(anonymous_4)
FNDA:0,(anonymous_5)
FNDA:48,(anonymous_6)
FNDA:96,(anonymous_7)
FNDA:24,(anonymous_8)
FNDA:12,(anonymous_9)
FNDA:6,KanbanView
FNDA:0,(anonymous_11)
FNDA:12,(anonymous_12)
FNDA:24,(anonymous_13)
FNDA:12,(anonymous_14)
FNDA:48,(anonymous_15)
FNDA:6,(anonymous_16)
FNDA:12,(anonymous_17)
FNDA:24,(anonymous_18)
DA:17,1
DA:19,1
DA:26,1
DA:33,24
DA:34,24
DA:35,24
DA:53,24
DA:55,24
DA:57,1
DA:92,12
DA:93,12
DA:94,12
DA:96,12
DA:111,0
DA:126,96
DA:127,48
DA:140,24
DA:150,1
DA:152,12
DA:164,6
DA:187,0
DA:206,12
DA:237,24
DA:245,12
DA:246,48
DA:247,12
DA:254,12
DA:255,24
DA:256,6
DA:257,0
LF:30
LH:27
BRDA:33,0,0,24
BRDA:33,0,1,0
BRDA:53,1,0,24
BRDA:53,1,1,24
BRDA:63,2,0,24
BRDA:63,2,1,0
BRDA:65,3,0,24
BRDA:65,3,1,0
BRDA:70,4,0,24
BRDA:70,4,1,0
BRDA:93,5,0,12
BRDA:93,5,1,0
BRDA:99,6,0,12
BRDA:99,6,1,0
BRDA:114,7,0,12
BRDA:114,7,1,0
BRDA:137,8,0,24
BRDA:137,8,1,24
BRDA:156,9,0,0
BRDA:157,10,0,0
BRDA:158,11,0,0
BRDA:159,12,0,0
BRDA:179,13,0,6
BRDA:179,13,1,6
BRDA:218,14,0,6
BRDA:218,14,1,0
BRDA:224,15,0,6
BRDA:224,15,1,6
BRDA:224,15,2,0
BRDA:230,16,0,6
BRDA:230,16,1,6
BRDA:230,16,2,6
BRDA:246,17,0,48
BRDA:246,17,1,0
BRDA:255,18,0,24
BRDA:255,18,1,24
BRDA:256,19,0,6
BRDA:256,19,1,0
BRDA:267,20,0,6
BRDA:267,20,1,0
BRDA:267,20,2,0
BRF:41
BRH:24
end_of_record
TN:
SF:src/views/kpi/KpiDashboardView.jsx
FN:37,(anonymous_0)
FN:56,SectionTitle
FN:70,StatCard
FN:101,ChartCard
FN:121,StatBarChart
FN:153,(anonymous_5)
FN:155,GroupedBarChart
FN:156,(anonymous_7)
FN:183,(anonymous_8)
FN:198,AllSprintsCharts
FN:199,(anonymous_10)
FN:200,(anonymous_11)
FN:202,(anonymous_12)
FN:203,(anonymous_13)
FN:205,(anonymous_14)
FN:206,(anonymous_15)
FN:208,(anonymous_16)
FN:211,(anonymous_17)
FN:213,(anonymous_18)
FN:219,(anonymous_19)
FN:221,(anonymous_20)
FN:287,(anonymous_21)
FN:297,(anonymous_22)
FN:305,KpiDashboardView
FN:317,(anonymous_24)
FN:318,(anonymous_25)
FN:321,(anonymous_26)
FN:326,(anonymous_27)
FN:355,(anonymous_28)
FN:375,(anonymous_29)
FN:470,(anonymous_30)
FN:480,(anonymous_31)
FNF:32
FNH:11
FNDA:16,(anonymous_0)
FNDA:32,SectionTitle
FNDA:32,StatCard
FNDA:32,ChartCard
FNDA:16,StatBarChart
FNDA:0,(anonymous_5)
FNDA:0,GroupedBarChart
FNDA:0,(anonymous_7)
FNDA:0,(anonymous_8)
FNDA:0,AllSprintsCharts
FNDA:0,(anonymous_10)
FNDA:0,(anonymous_11)
FNDA:0,(anonymous_12)
FNDA:0,(anonymous_13)
FNDA:0,(anonymous_14)
FNDA:0,(anonymous_15)
FNDA:0,(anonymous_16)
FNDA:0,(anonymous_17)
FNDA:0,(anonymous_18)
FNDA:0,(anonymous_19)
FNDA:0,(anonymous_20)
FNDA:0,(anonymous_21)
FNDA:0,(anonymous_22)
FNDA:8,KpiDashboardView
FNDA:16,(anonymous_24)
FNDA:16,(anonymous_25)
FNDA:9,(anonymous_26)
FNDA:16,(anonymous_27)
FNDA:0,(anonymous_28)
FNDA:16,(anonymous_29)
FNDA:0,(anonymous_30)
FNDA:0,(anonymous_31)
DA:24,1
DA:25,1
DA:27,1
DA:29,1
DA:37,1
DA:38,16
DA:39,16
DA:42,1
DA:49,1
DA:57,32
DA:71,32
DA:102,32
DA:122,16
DA:153,1
DA:156,0
DA:157,0
DA:184,0
DA:199,0
DA:200,0
DA:202,0
DA:203,0
DA:205,0
DA:206,0
DA:207,0
DA:208,0
DA:211,0
DA:212,0
DA:213,0
DA:214,0
DA:216,0
DA:219,0
DA:220,0
DA:221,0
DA:222,0
DA:224,0
DA:227,0
DA:228,0
DA:235,0
DA:287,0
DA:297,0
DA:315,8
DA:317,16
DA:318,16
DA:320,8
DA:321,9
DA:323,8
DA:324,8
DA:326,16
DA:332,8
DA:355,0
DA:376,16
DA:470,0
DA:480,0
LF:53
LH:24
BRDA:39,0,0,16
BRDA:39,0,1,16
BRDA:93,1,0,32
BRDA:93,1,1,0
BRDA:153,2,0,0
BRDA:153,2,1,0
BRDA:203,3,0,0
BRDA:203,3,1,0
BRDA:205,4,0,0
BRDA:205,4,1,0
BRDA:206,5,0,0
BRDA:206,5,1,0
BRDA:207,6,0,0
BRDA:207,6,1,0
BRDA:208,7,0,0
BRDA:208,7,1,0
BRDA:222,8,0,0
BRDA:222,8,1,0
BRDA:227,9,0,0
BRDA:227,9,1,0
BRDA:265,10,0,0
BRDA:265,10,1,0
BRDA:273,11,0,0
BRDA:273,11,1,0
BRDA:318,12,0,16
BRDA:318,12,1,0
BRDA:320,13,0,8
BRDA:320,13,1,0
BRDA:321,14,0,8
BRDA:321,14,1,0
BRDA:323,15,0,8
BRDA:323,15,1,0
BRDA:324,16,0,8
BRDA:324,16,1,0
BRDA:324,17,0,8
BRDA:324,17,1,0
BRDA:329,18,0,16
BRDA:329,18,1,0
BRDA:348,19,0,8
BRDA:348,19,1,0
BRDA:388,20,0,8
BRDA:388,20,1,0
BRDA:394,21,0,8
BRDA:394,21,1,8
BRDA:394,21,2,0
BRDA:401,22,0,8
BRDA:401,22,1,0
BRDA:401,22,2,0
BRDA:406,23,0,8
BRDA:406,23,1,8
BRDA:406,23,2,8
BRDA:406,23,3,8
BRDA:458,24,0,0
BRDA:458,24,1,8
BRF:54
BRH:20
end_of_record
TN:
SF:src/views/profile/ProfileView.jsx
FN:18,getInitials
FN:25,getDisplayName
FN:29,(anonymous_2)
FN:33,getMemberEmail
FN:36,getMemberId
FN:40,StatColumn
FN:53,MemberCard
FN:103,(anonymous_7)
FN:120,(anonymous_8)
FN:133,(anonymous_9)
FN:139,(anonymous_10)
FN:153,ProfileView
FN:172,(anonymous_12)
FN:194,(anonymous_13)
FN:312,(anonymous_14)
FN:313,(anonymous_15)
FN:357,(anonymous_16)
FNF:17
FNH:11
FNDA:42,getInitials
FNDA:42,getDisplayName
FNDA:84,(anonymous_2)
FNDA:28,getMemberEmail
FNDA:56,getMemberId
FNDA:42,StatColumn
FNDA:28,MemberCard
FNDA:0,(anonymous_7)
FNDA:0,(anonymous_8)
FNDA:0,(anonymous_9)
FNDA:0,(anonymous_10)
FNDA:14,ProfileView
FNDA:0,(anonymous_12)
FNDA:1,(anonymous_13)
FNDA:1,(anonymous_14)
FNDA:0,(anonymous_15)
FNDA:28,(anonymous_16)
DA:19,42
DA:20,42
DA:21,42
DA:22,0
DA:26,42
DA:27,42
DA:29,84
DA:34,28
DA:37,56
DA:41,42
DA:54,28
DA:55,28
DA:56,28
DA:57,28
DA:59,28
DA:103,0
DA:120,0
DA:133,0
DA:140,0
DA:141,0
DA:168,14
DA:169,14
DA:170,14
DA:172,14
DA:173,0
DA:174,0
DA:182,0
DA:183,0
DA:184,0
DA:186,0
DA:189,0
DA:190,0
DA:194,14
DA:195,1
DA:196,1
DA:197,1
DA:198,1
DA:201,14
DA:202,14
DA:204,14
DA:312,1
DA:313,0
DA:358,28
LF:43
LH:28
BRDA:18,0,0,0
BRDA:21,1,0,42
BRDA:21,1,1,0
BRDA:25,2,0,0
BRDA:34,3,0,28
BRDA:34,3,1,0
BRDA:34,3,2,0
BRDA:37,4,0,56
BRDA:37,4,1,0
BRDA:47,5,0,42
BRDA:47,5,1,0
BRDA:99,6,0,28
BRDA:99,6,1,18
BRDA:158,7,0,0
BRDA:182,8,0,0
BRDA:182,8,1,0
BRDA:196,9,0,0
BRDA:196,9,1,1
BRDA:252,10,0,14
BRDA:252,10,1,0
BRDA:267,11,0,14
BRDA:267,11,1,0
BRDA:301,12,0,14
BRDA:301,12,1,9
BRDA:313,13,0,0
BRDA:313,13,1,0
BRDA:315,14,0,9
BRDA:315,14,1,9
BRDA:315,15,0,0
BRDA:315,15,1,9
BRDA:317,16,0,0
BRDA:317,16,1,9
BRDA:317,17,0,9
BRDA:317,17,1,0
BRDA:326,18,0,9
BRDA:326,18,1,9
BRDA:330,19,0,0
BRDA:330,19,1,9
BRDA:338,20,0,14
BRDA:338,20,1,0
BRDA:341,21,0,14
BRDA:341,21,1,0
BRDA:347,22,0,14
BRDA:347,22,1,14
BRDA:347,22,2,0
BRDA:361,23,0,18
BRDA:361,23,1,10
BRF:47
BRH:25
end_of_record
TN:
SF:src/views/projects/ProjectDetailView.jsx
FN:29,formatDate
FN:35,DeleteDialog
FN:41,(anonymous_2)
FN:46,(anonymous_3)
FN:69,(anonymous_4)
FN:94,StatusBadge
FN:115,SprintCard
FN:212,(anonymous_7)
FN:215,(anonymous_8)
FN:227,CreateSprintDialog
FN:234,(anonymous_10)
FN:242,(anonymous_11)
FN:282,(anonymous_12)
FN:290,(anonymous_13)
FN:298,(anonymous_14)
FN:322,ProjectDetailView
FN:361,(anonymous_16)
FN:376,(anonymous_17)
FN:380,(anonymous_18)
FN:381,(anonymous_19)
FN:388,(anonymous_20)
FN:394,(anonymous_21)
FNF:22
FNH:0
FNDA:0,formatDate
FNDA:0,DeleteDialog
FNDA:0,(anonymous_2)
FNDA:0,(anonymous_3)
FNDA:0,(anonymous_4)
FNDA:0,StatusBadge
FNDA:0,SprintCard
FNDA:0,(anonymous_7)
FNDA:0,(anonymous_8)
FNDA:0,CreateSprintDialog
FNDA:0,(anonymous_10)
FNDA:0,(anonymous_11)
FNDA:0,(anonymous_12)
FNDA:0,(anonymous_13)
FNDA:0,(anonymous_14)
FNDA:0,ProjectDetailView
FNDA:0,(anonymous_16)
FNDA:0,(anonymous_17)
FNDA:0,(anonymous_18)
FNDA:0,(anonymous_19)
FNDA:0,(anonymous_20)
FNDA:0,(anonymous_21)
DA:21,0
DA:23,0
DA:30,0
DA:31,0
DA:32,0
DA:36,0
DA:37,0
DA:38,0
DA:39,0
DA:41,0
DA:42,0
DA:43,0
DA:46,0
DA:47,0
DA:48,0
DA:49,0
DA:50,0
DA:52,0
DA:56,0
DA:69,0
DA:95,0
DA:96,0
DA:97,0
DA:116,0
DA:117,0
DA:118,0
DA:120,0
DA:212,0
DA:215,0
DA:228,0
DA:229,0
DA:230,0
DA:231,0
DA:232,0
DA:234,0
DA:235,0
DA:236,0
DA:237,0
DA:238,0
DA:239,0
DA:242,0
DA:243,0
DA:244,0
DA:245,0
DA:247,0
DA:248,0
DA:249,0
DA:251,0
DA:252,0
DA:253,0
DA:255,0
DA:256,0
DA:257,0
DA:259,0
DA:260,0
DA:261,0
DA:262,0
DA:263,0
DA:265,0
DA:267,0
DA:271,0
DA:282,0
DA:290,0
DA:298,0
DA:331,0
DA:332,0
DA:334,0
DA:361,0
DA:377,0
DA:380,0
DA:381,0
DA:388,0
DA:394,0
LF:73
LH:0
BRDA:30,0,0,0
BRDA:30,0,1,0
BRDA:38,1,0,0
BRDA:38,1,1,0
BRDA:78,2,0,0
BRDA:78,2,1,0
BRDA:81,3,0,0
BRDA:81,3,1,0
BRDA:82,4,0,0
BRDA:82,4,1,0
BRDA:83,5,0,0
BRDA:83,5,1,0
BRDA:87,6,0,0
BRDA:87,6,1,0
BRDA:95,7,0,0
BRDA:95,7,1,0
BRDA:116,8,0,0
BRDA:116,8,1,0
BRDA:117,9,0,0
BRDA:117,9,1,0
BRDA:118,10,0,0
BRDA:118,10,1,0
BRDA:211,11,0,0
BRDA:211,11,1,0
BRDA:243,12,0,0
BRDA:243,12,1,0
BRDA:247,13,0,0
BRDA:247,13,1,0
BRDA:251,14,0,0
BRDA:251,14,1,0
BRDA:255,15,0,0
BRDA:255,15,1,0
BRDA:302,16,0,0
BRDA:302,16,1,0
BRDA:315,17,0,0
BRDA:315,17,1,0
BRDA:351,18,0,0
BRDA:351,18,1,0
BRDA:352,19,0,0
BRDA:352,19,1,0
BRDA:356,20,0,0
BRDA:356,20,1,0
BRDA:369,21,0,0
BRDA:369,21,1,0
BRDA:371,22,0,0
BRDA:371,22,1,0
BRDA:371,22,2,0
BRDA:375,23,0,0
BRDA:375,23,1,0
BRDA:381,24,0,0
BRDA:381,24,1,0
BRF:51
BRH:0
end_of_record
TN:
SF:src/views/projects/ProjectSelectorView.jsx
FN:19,ProjectSelectorView
FN:24,(anonymous_1)
FN:49,(anonymous_2)
FN:73,(anonymous_3)
FN:87,(anonymous_4)
FN:118,(anonymous_5)
FN:128,(anonymous_6)
FN:135,(anonymous_7)
FN:143,(anonymous_8)
FNF:9
FNH:0
FNDA:0,ProjectSelectorView
FNDA:0,(anonymous_1)
FNDA:0,(anonymous_2)
FNDA:0,(anonymous_3)
FNDA:0,(anonymous_4)
FNDA:0,(anonymous_5)
FNDA:0,(anonymous_6)
FNDA:0,(anonymous_7)
FNDA:0,(anonymous_8)
DA:20,0
DA:21,0
DA:22,0
DA:24,0
DA:25,0
DA:26,0
DA:27,0
DA:28,0
DA:29,0
DA:32,0
DA:49,0
DA:74,0
DA:87,0
DA:118,0
DA:128,0
DA:135,0
DA:143,0
LF:17
LH:0
BRDA:25,0,0,0
BRDA:25,0,1,0
BRDA:56,1,0,0
BRDA:56,1,1,0
BRDA:110,2,0,0
BRDA:110,2,1,0
BRDA:154,3,0,0
BRDA:154,3,1,0
BRF:8
BRH:0
end_of_record
TN:
SF:src/views/sprints/SprintBoardView.jsx
FN:51,formatDate
FN:57,PriorityBadge
FN:77,TaskCardContent
FN:88,DraggableTaskCard
FN:96,(anonymous_4)
FN:113,DroppableColumn
FN:163,(anonymous_6)
FN:174,AddTaskDialog
FN:182,(anonymous_8)
FN:191,(anonymous_9)
FN:231,(anonymous_10)
FN:238,(anonymous_11)
FN:247,(anonymous_12)
FN:250,(anonymous_13)
FN:260,(anonymous_14)
FN:263,(anonymous_15)
FN:293,LogHoursDialog
FN:299,(anonymous_17)
FN:306,(anonymous_18)
FN:353,(anonymous_19)
FN:364,(anonymous_20)
FN:389,SprintBoardView
FN:407,(anonymous_22)
FN:408,(anonymous_23)
FN:411,(anonymous_24)
FN:415,(anonymous_25)
FN:420,(anonymous_26)
FN:430,(anonymous_27)
FN:438,(anonymous_28)
FN:506,(anonymous_29)
FN:523,(anonymous_30)
FN:527,(anonymous_31)
FN:559,(anonymous_32)
FNF:33
FNH:21
FNDA:22,formatDate
FNDA:50,PriorityBadge
FNDA:50,TaskCardContent
FNDA:50,DraggableTaskCard
FNDA:1,(anonymous_4)
FNDA:44,DroppableColumn
FNDA:50,(anonymous_6)
FNDA:11,AddTaskDialog
FNDA:0,(anonymous_8)
FNDA:0,(anonymous_9)
FNDA:0,(anonymous_10)
FNDA:0,(anonymous_11)
FNDA:0,(anonymous_12)
FNDA:33,(anonymous_13)
FNDA:0,(anonymous_14)
FNDA:22,(anonymous_15)
FNDA:13,LogHoursDialog
FNDA:2,(anonymous_17)
FNDA:1,(anonymous_18)
FNDA:1,(anonymous_19)
FNDA:0,(anonymous_20)
FNDA:11,SprintBoardView
FNDA:0,(anonymous_22)
FNDA:0,(anonymous_23)
FNDA:0,(anonymous_24)
FNDA:3,(anonymous_25)
FNDA:3,(anonymous_26)
FNDA:1,(anonymous_27)
FNDA:2,(anonymous_28)
FNDA:0,(anonymous_29)
FNDA:44,(anonymous_30)
FNDA:200,(anonymous_31)
FNDA:0,(anonymous_32)
DA:31,1
DA:43,1
DA:49,1
DA:52,22
DA:53,22
DA:54,22
DA:58,50
DA:59,50
DA:78,50
DA:89,50
DA:91,50
DA:96,1
DA:114,44
DA:115,44
DA:117,44
DA:164,50
DA:172,1
DA:175,11
DA:176,11
DA:177,11
DA:178,11
DA:179,11
DA:180,11
DA:182,11
DA:183,0
DA:184,0
DA:185,0
DA:186,0
DA:187,0
DA:188,0
DA:191,11
DA:192,0
DA:193,0
DA:194,0
DA:196,0
DA:197,0
DA:198,0
DA:200,0
DA:201,0
DA:202,0
DA:203,0
DA:212,0
DA:214,0
DA:216,0
DA:220,11
DA:231,0
DA:238,0
DA:247,0
DA:251,33
DA:260,0
DA:264,22
DA:294,13
DA:295,13
DA:296,13
DA:297,13
DA:299,13
DA:300,2
DA:301,2
DA:302,2
DA:303,2
DA:306,13
DA:307,1
DA:308,1
DA:309,0
DA:310,0
DA:312,1
DA:313,0
DA:314,0
DA:317,1
DA:318,1
DA:319,1
DA:320,1
DA:321,1
DA:322,1
DA:324,0
DA:326,1
DA:330,13
DA:353,1
DA:364,0
DA:400,11
DA:401,11
DA:402,11
DA:403,11
DA:405,11
DA:407,11
DA:408,0
DA:411,11
DA:412,0
DA:415,11
DA:416,3
DA:417,3
DA:418,3
DA:419,3
DA:420,3
DA:421,3
DA:422,3
DA:423,3
DA:424,3
DA:426,0
DA:430,11
DA:431,1
DA:432,1
DA:433,1
DA:434,1
DA:435,1
DA:438,11
DA:439,2
DA:442,11
DA:506,0
DA:524,44
DA:527,200
DA:559,0
LF:112
LH:78
BRDA:52,0,0,0
BRDA:52,0,1,22
BRDA:58,1,0,50
BRDA:58,1,1,0
BRDA:96,2,0,1
BRDA:96,2,1,1
BRDA:100,3,0,0
BRDA:100,3,1,50
BRDA:101,4,0,0
BRDA:101,4,1,50
BRDA:102,5,0,0
BRDA:102,5,1,50
BRDA:103,6,0,0
BRDA:103,6,1,50
BRDA:153,7,0,0
BRDA:153,7,1,44
BRDA:154,8,0,0
BRDA:154,8,1,44
BRDA:158,9,0,4
BRDA:158,9,1,40
BRDA:160,10,0,0
BRDA:160,10,1,4
BRDA:192,11,0,0
BRDA:192,11,1,0
BRDA:196,12,0,0
BRDA:196,12,1,0
BRDA:205,13,0,0
BRDA:205,13,1,0
BRDA:265,14,0,22
BRDA:265,14,1,0
BRDA:266,15,0,22
BRDA:266,15,1,0
BRDA:269,16,0,22
BRDA:269,16,1,0
BRDA:273,17,0,11
BRDA:273,17,1,0
BRDA:286,18,0,0
BRDA:286,18,1,11
BRDA:308,19,0,0
BRDA:308,19,1,1
BRDA:308,20,0,1
BRDA:308,20,1,1
BRDA:308,20,2,1
BRDA:312,21,0,0
BRDA:312,21,1,1
BRDA:321,22,0,1
BRDA:321,22,1,1
BRDA:344,23,0,13
BRDA:344,23,1,5
BRDA:369,24,0,13
BRDA:369,24,1,0
BRDA:382,25,0,1
BRDA:382,25,1,12
BRDA:392,26,0,0
BRDA:408,27,0,0
BRDA:408,27,1,0
BRDA:412,28,0,0
BRDA:412,28,1,0
BRDA:418,29,0,0
BRDA:418,29,1,3
BRDA:421,30,0,0
BRDA:421,30,1,3
BRDA:421,31,0,3
BRDA:421,31,1,3
BRDA:422,32,0,3
BRDA:422,32,1,3
BRDA:422,32,2,0
BRDA:423,33,0,3
BRDA:423,33,1,0
BRDA:431,34,0,0
BRDA:431,34,1,1
BRDA:487,35,0,11
BRDA:487,35,1,11
BRDA:537,36,0,11
BRDA:537,36,1,0
BRF:75
BRH:41
end_of_record
TN:
SF:src/views/tasks/TaskDetailView.jsx
FN:19,formatPriority
FN:24,formatDate
FN:30,formatDateTime
FN:40,SectionTitle
FN:51,Badge
FN:59,MetaRow
FN:70,HistoryTimeline
FN:78,(anonymous_7)
FN:124,WorkLogSection
FN:125,(anonymous_9)
FN:162,(anonymous_10)
FN:206,TaskDetailView
FNF:12
FNH:12
FNDA:16,formatPriority
FNDA:25,formatDate
FNDA:4,formatDateTime
FNDA:24,SectionTitle
FNDA:40,Badge
FNDA:48,MetaRow
FNDA:8,HistoryTimeline
FNDA:4,(anonymous_7)
FNDA:8,WorkLogSection
FNDA:1,(anonymous_9)
FNDA:1,(anonymous_10)
FNDA:8,TaskDetailView
DA:4,1
DA:6,1
DA:13,1
DA:20,16
DA:21,16
DA:25,25
DA:26,25
DA:27,25
DA:31,4
DA:32,4
DA:33,4
DA:41,24
DA:52,40
DA:60,48
DA:71,8
DA:72,6
DA:76,2
DA:79,4
DA:84,4
DA:89,4
DA:125,8
DA:127,8
DA:163,1
DA:207,8
DA:208,8
DA:210,8
LF:26
LH:26
BRDA:20,0,0,0
BRDA:20,0,1,16
BRDA:25,1,0,0
BRDA:25,1,1,25
BRDA:31,2,0,0
BRDA:31,2,1,4
BRDA:40,3,0,8
BRDA:71,4,0,6
BRDA:71,4,1,2
BRDA:79,5,0,4
BRDA:79,5,1,0
BRDA:82,6,0,0
BRDA:82,6,1,0
BRDA:84,7,0,4
BRDA:84,7,1,0
BRDA:91,8,0,4
BRDA:91,8,1,2
BRDA:114,9,0,4
BRDA:114,9,1,4
BRDA:125,10,0,1
BRDA:125,10,1,0
BRDA:138,11,0,8
BRDA:138,11,1,1
BRDA:158,12,0,7
BRDA:158,12,1,1
BRDA:182,13,0,1
BRDA:182,13,1,0
BRDA:184,14,0,1
BRDA:184,14,1,1
BRDA:207,15,0,8
BRDA:207,15,1,0
BRDA:208,16,0,8
BRDA:208,16,1,0
BRDA:247,17,0,8
BRDA:247,17,1,8
BRDA:334,18,0,8
BRDA:334,18,1,0
BRDA:344,19,0,8
BRDA:344,19,1,8
BRDA:352,20,0,8
BRDA:352,20,1,8
BRDA:360,21,0,8
BRDA:360,21,1,0
BRF:43
BRH:30
end_of_record
